2026-03-31 03:08:08,419  INFO      Model loaded | Threshold: 0.7013
2026-03-31 03:08:08,420  INFO      FraudPredictor loaded successfully.
2026-03-31 03:08:08,423  INFO      Starting Flask on port 5000
2026-03-31 03:08:09,748  INFO      [31m[1mWARNING: This is a development server. Do not use it in a production deployment. Use a production WSGI server instead.[0m
 * Running on all addresses (0.0.0.0)
 * Running on http://127.0.0.1:5000
 * Running on http://10.217.57.238:5000
2026-03-31 03:08:09,748  INFO      [33mPress CTRL+C to quit[0m
2026-03-31 03:08:20,725  ERROR     Exception on / [GET]
Traceback (most recent call last):
  File "C:\Users\kunal kongari\AppData\Local\Packages\PythonSoftwareFoundation.Python.3.11_qbz5n2kfra8p0\LocalCache\local-packages\Python311\site-packages\flask\app.py", line 1511, in wsgi_app
    response = self.full_dispatch_request()
               ^^^^^^^^^^^^^^^^^^^^^^^^^^^^
  File "C:\Users\kunal kongari\AppData\Local\Packages\PythonSoftwareFoundation.Python.3.11_qbz5n2kfra8p0\LocalCache\local-packages\Python311\site-packages\flask\app.py", line 919, in full_dispatch_request
    rv = self.handle_user_exception(e)
         ^^^^^^^^^^^^^^^^^^^^^^^^^^^^^
  File "C:\Users\kunal kongari\AppData\Local\Packages\PythonSoftwareFoundation.Python.3.11_qbz5n2kfra8p0\LocalCache\local-packages\Python311\site-packages\flask\app.py", line 917, in full_dispatch_request
    rv = self.dispatch_request()
         ^^^^^^^^^^^^^^^^^^^^^^^
  File "C:\Users\kunal kongari\AppData\Local\Packages\PythonSoftwareFoundation.Python.3.11_qbz5n2kfra8p0\LocalCache\local-packages\Python311\site-packages\flask\app.py", line 902, in dispatch_request
    return self.ensure_sync(self.view_functions[rule.endpoint])(**view_args)  # type: ignore[no-any-return]
           ^^^^^^^^^^^^^^^^^^^^^^^^^^^^^^^^^^^^^^^^^^^^^^^^^^^^^^^^^^^^^^^^^
  File "C:\Users\kunal kongari\OneDrive - Indian Institute of Science\Desktop\files (1)\app.py", line 50, in index
    return render_template("index.html")
           ^^^^^^^^^^^^^^^^^^^^^^^^^^^^^
  File "C:\Users\kunal kongari\AppData\Local\Packages\PythonSoftwareFoundation.Python.3.11_qbz5n2kfra8p0\LocalCache\local-packages\Python311\site-packages\flask\templating.py", line 149, in render_template
    template = app.jinja_env.get_or_select_template(template_name_or_list)
               ^^^^^^^^^^^^^^^^^^^^^^^^^^^^^^^^^^^^^^^^^^^^^^^^^^^^^^^^^^^
  File "C:\Users\kunal kongari\AppData\Local\Packages\PythonSoftwareFoundation.Python.3.11_qbz5n2kfra8p0\LocalCache\local-packages\Python311\site-packages\jinja2\environment.py", line 1087, in get_or_select_template
    return self.get_template(template_name_or_list, parent, globals)
           ^^^^^^^^^^^^^^^^^^^^^^^^^^^^^^^^^^^^^^^^^^^^^^^^^^^^^^^^^
  File "C:\Users\kunal kongari\AppData\Local\Packages\PythonSoftwareFoundation.Python.3.11_qbz5n2kfra8p0\LocalCache\local-packages\Python311\site-packages\jinja2\environment.py", line 1016, in get_template
    return self._load_template(name, globals)
           ^^^^^^^^^^^^^^^^^^^^^^^^^^^^^^^^^^
  File "C:\Users\kunal kongari\AppData\Local\Packages\PythonSoftwareFoundation.Python.3.11_qbz5n2kfra8p0\LocalCache\local-packages\Python311\site-packages\jinja2\environment.py", line 975, in _load_template
    template = self.loader.load(self, name, self.make_globals(globals))
               ^^^^^^^^^^^^^^^^^^^^^^^^^^^^^^^^^^^^^^^^^^^^^^^^^^^^^^^^
  File "C:\Users\kunal kongari\AppData\Local\Packages\PythonSoftwareFoundation.Python.3.11_qbz5n2kfra8p0\LocalCache\local-packages\Python311\site-packages\jinja2\loaders.py", line 126, in load
    source, filename, uptodate = self.get_source(environment, name)
                                 ^^^^^^^^^^^^^^^^^^^^^^^^^^^^^^^^^^
  File "C:\Users\kunal kongari\AppData\Local\Packages\PythonSoftwareFoundation.Python.3.11_qbz5n2kfra8p0\LocalCache\local-packages\Python311\site-packages\flask\templating.py", line 65, in get_source
    return self._get_source_fast(environment, template)
           ^^^^^^^^^^^^^^^^^^^^^^^^^^^^^^^^^^^^^^^^^^^^
  File "C:\Users\kunal kongari\AppData\Local\Packages\PythonSoftwareFoundation.Python.3.11_qbz5n2kfra8p0\LocalCache\local-packages\Python311\site-packages\flask\templating.py", line 99, in _get_source_fast
    raise TemplateNotFound(template)
jinja2.exceptions.TemplateNotFound: index.html
2026-03-31 03:08:20,854  INFO      127.0.0.1 - - [31/Mar/2026 03:08:20] "[35m[1mGET / HTTP/1.1[0m" 500 -
2026-03-31 03:08:20,977  INFO      127.0.0.1 - - [31/Mar/2026 03:08:20] "[33mGET /favicon.ico HTTP/1.1[0m" 404 -
2026-03-31 03:08:23,910  ERROR     Exception on / [GET]
Traceback (most recent call last):
  File "C:\Users\kunal kongari\AppData\Local\Packages\PythonSoftwareFoundation.Python.3.11_qbz5n2kfra8p0\LocalCache\local-packages\Python311\site-packages\flask\app.py", line 1511, in wsgi_app
    response = self.full_dispatch_request()
               ^^^^^^^^^^^^^^^^^^^^^^^^^^^^
  File "C:\Users\kunal kongari\AppData\Local\Packages\PythonSoftwareFoundation.Python.3.11_qbz5n2kfra8p0\LocalCache\local-packages\Python311\site-packages\flask\app.py", line 919, in full_dispatch_request
    rv = self.handle_user_exception(e)
         ^^^^^^^^^^^^^^^^^^^^^^^^^^^^^
  File "C:\Users\kunal kongari\AppData\Local\Packages\PythonSoftwareFoundation.Python.3.11_qbz5n2kfra8p0\LocalCache\local-packages\Python311\site-packages\flask\app.py", line 917, in full_dispatch_request
    rv = self.dispatch_request()
         ^^^^^^^^^^^^^^^^^^^^^^^
  File "C:\Users\kunal kongari\AppData\Local\Packages\PythonSoftwareFoundation.Python.3.11_qbz5n2kfra8p0\LocalCache\local-packages\Python311\site-packages\flask\app.py", line 902, in dispatch_request
    return self.ensure_sync(self.view_functions[rule.endpoint])(**view_args)  # type: ignore[no-any-return]
           ^^^^^^^^^^^^^^^^^^^^^^^^^^^^^^^^^^^^^^^^^^^^^^^^^^^^^^^^^^^^^^^^^
  File "C:\Users\kunal kongari\OneDrive - Indian Institute of Science\Desktop\files (1)\app.py", line 50, in index
    return render_template("index.html")
           ^^^^^^^^^^^^^^^^^^^^^^^^^^^^^
  File "C:\Users\kunal kongari\AppData\Local\Packages\PythonSoftwareFoundation.Python.3.11_qbz5n2kfra8p0\LocalCache\local-packages\Python311\site-packages\flask\templating.py", line 149, in render_template
    template = app.jinja_env.get_or_select_template(template_name_or_list)
               ^^^^^^^^^^^^^^^^^^^^^^^^^^^^^^^^^^^^^^^^^^^^^^^^^^^^^^^^^^^
  File "C:\Users\kunal kongari\AppData\Local\Packages\PythonSoftwareFoundation.Python.3.11_qbz5n2kfra8p0\LocalCache\local-packages\Python311\site-packages\jinja2\environment.py", line 1087, in get_or_select_template
    return self.get_template(template_name_or_list, parent, globals)
           ^^^^^^^^^^^^^^^^^^^^^^^^^^^^^^^^^^^^^^^^^^^^^^^^^^^^^^^^^
  File "C:\Users\kunal kongari\AppData\Local\Packages\PythonSoftwareFoundation.Python.3.11_qbz5n2kfra8p0\LocalCache\local-packages\Python311\site-packages\jinja2\environment.py", line 1016, in get_template
    return self._load_template(name, globals)
           ^^^^^^^^^^^^^^^^^^^^^^^^^^^^^^^^^^
  File "C:\Users\kunal kongari\AppData\Local\Packages\PythonSoftwareFoundation.Python.3.11_qbz5n2kfra8p0\LocalCache\local-packages\Python311\site-packages\jinja2\environment.py", line 975, in _load_template
    template = self.loader.load(self, name, self.make_globals(globals))
               ^^^^^^^^^^^^^^^^^^^^^^^^^^^^^^^^^^^^^^^^^^^^^^^^^^^^^^^^
  File "C:\Users\kunal kongari\AppData\Local\Packages\PythonSoftwareFoundation.Python.3.11_qbz5n2kfra8p0\LocalCache\local-packages\Python311\site-packages\jinja2\loaders.py", line 126, in load
    source, filename, uptodate = self.get_source(environment, name)
                                 ^^^^^^^^^^^^^^^^^^^^^^^^^^^^^^^^^^
  File "C:\Users\kunal kongari\AppData\Local\Packages\PythonSoftwareFoundation.Python.3.11_qbz5n2kfra8p0\LocalCache\local-packages\Python311\site-packages\flask\templating.py", line 65, in get_source
    return self._get_source_fast(environment, template)
           ^^^^^^^^^^^^^^^^^^^^^^^^^^^^^^^^^^^^^^^^^^^^
  File "C:\Users\kunal kongari\AppData\Local\Packages\PythonSoftwareFoundation.Python.3.11_qbz5n2kfra8p0\LocalCache\local-packages\Python311\site-packages\flask\templating.py", line 99, in _get_source_fast
    raise TemplateNotFound(template)
jinja2.exceptions.TemplateNotFound: index.html
2026-03-31 03:08:23,913  INFO      127.0.0.1 - - [31/Mar/2026 03:08:23] "[35m[1mGET / HTTP/1.1[0m" 500 -
2026-03-31 03:10:50,943  INFO      Model loaded | Threshold: 0.7013
2026-03-31 03:10:50,944  INFO      FraudPredictor loaded successfully.
2026-03-31 03:10:50,946  INFO      Starting Flask on port 5000
2026-03-31 03:10:52,246  INFO      [31m[1mWARNING: This is a development server. Do not use it in a production deployment. Use a production WSGI server instead.[0m
 * Running on all addresses (0.0.0.0)
 * Running on http://127.0.0.1:5000
 * Running on http://10.217.57.238:5000
2026-03-31 03:10:52,247  INFO      [33mPress CTRL+C to quit[0m
2026-03-31 03:10:55,920  ERROR     Exception on / [GET]
Traceback (most recent call last):
  File "C:\Users\kunal kongari\AppData\Local\Packages\PythonSoftwareFoundation.Python.3.11_qbz5n2kfra8p0\LocalCache\local-packages\Python311\site-packages\flask\app.py", line 1473, in wsgi_app
    response = self.full_dispatch_request()
               ^^^^^^^^^^^^^^^^^^^^^^^^^^^^
  File "C:\Users\kunal kongari\AppData\Local\Packages\PythonSoftwareFoundation.Python.3.11_qbz5n2kfra8p0\LocalCache\local-packages\Python311\site-packages\flask\app.py", line 882, in full_dispatch_request
    rv = self.handle_user_exception(e)
         ^^^^^^^^^^^^^^^^^^^^^^^^^^^^^
  File "C:\Users\kunal kongari\AppData\Local\Packages\PythonSoftwareFoundation.Python.3.11_qbz5n2kfra8p0\LocalCache\local-packages\Python311\site-packages\flask\app.py", line 880, in full_dispatch_request
    rv = self.dispatch_request()
         ^^^^^^^^^^^^^^^^^^^^^^^
  File "C:\Users\kunal kongari\AppData\Local\Packages\PythonSoftwareFoundation.Python.3.11_qbz5n2kfra8p0\LocalCache\local-packages\Python311\site-packages\flask\app.py", line 865, in dispatch_request
    return self.ensure_sync(self.view_functions[rule.endpoint])(**view_args)  # type: ignore[no-any-return]
           ^^^^^^^^^^^^^^^^^^^^^^^^^^^^^^^^^^^^^^^^^^^^^^^^^^^^^^^^^^^^^^^^^
  File "C:\Users\kunal kongari\OneDrive - Indian Institute of Science\Desktop\files (1)\app.py", line 50, in index
    return render_template("index.html")
           ^^^^^^^^^^^^^^^^^^^^^^^^^^^^^
  File "C:\Users\kunal kongari\AppData\Local\Packages\PythonSoftwareFoundation.Python.3.11_qbz5n2kfra8p0\LocalCache\local-packages\Python311\site-packages\flask\templating.py", line 149, in render_template
    template = app.jinja_env.get_or_select_template(template_name_or_list)
               ^^^^^^^^^^^^^^^^^^^^^^^^^^^^^^^^^^^^^^^^^^^^^^^^^^^^^^^^^^^
  File "C:\Users\kunal kongari\AppData\Local\Packages\PythonSoftwareFoundation.Python.3.11_qbz5n2kfra8p0\LocalCache\local-packages\Python311\site-packages\jinja2\environment.py", line 1087, in get_or_select_template
    return self.get_template(template_name_or_list, parent, globals)
           ^^^^^^^^^^^^^^^^^^^^^^^^^^^^^^^^^^^^^^^^^^^^^^^^^^^^^^^^^
  File "C:\Users\kunal kongari\AppData\Local\Packages\PythonSoftwareFoundation.Python.3.11_qbz5n2kfra8p0\LocalCache\local-packages\Python311\site-packages\jinja2\environment.py", line 1016, in get_template
    return self._load_template(name, globals)
           ^^^^^^^^^^^^^^^^^^^^^^^^^^^^^^^^^^
  File "C:\Users\kunal kongari\AppData\Local\Packages\PythonSoftwareFoundation.Python.3.11_qbz5n2kfra8p0\LocalCache\local-packages\Python311\site-packages\jinja2\environment.py", line 975, in _load_template
    template = self.loader.load(self, name, self.make_globals(globals))
               ^^^^^^^^^^^^^^^^^^^^^^^^^^^^^^^^^^^^^^^^^^^^^^^^^^^^^^^^
  File "C:\Users\kunal kongari\AppData\Local\Packages\PythonSoftwareFoundation.Python.3.11_qbz5n2kfra8p0\LocalCache\local-packages\Python311\site-packages\jinja2\loaders.py", line 126, in load
    source, filename, uptodate = self.get_source(environment, name)
                                 ^^^^^^^^^^^^^^^^^^^^^^^^^^^^^^^^^^
  File "C:\Users\kunal kongari\AppData\Local\Packages\PythonSoftwareFoundation.Python.3.11_qbz5n2kfra8p0\LocalCache\local-packages\Python311\site-packages\flask\templating.py", line 65, in get_source
    return self._get_source_fast(environment, template)
           ^^^^^^^^^^^^^^^^^^^^^^^^^^^^^^^^^^^^^^^^^^^^
  File "C:\Users\kunal kongari\AppData\Local\Packages\PythonSoftwareFoundation.Python.3.11_qbz5n2kfra8p0\LocalCache\local-packages\Python311\site-packages\flask\templating.py", line 99, in _get_source_fast
    raise TemplateNotFound(template)
jinja2.exceptions.TemplateNotFound: index.html
2026-03-31 03:10:55,937  INFO      127.0.0.1 - - [31/Mar/2026 03:10:55] "[35m[1mGET / HTTP/1.1[0m" 500 -
2026-03-31 03:10:58,448  ERROR     Exception on / [GET]
Traceback (most recent call last):
  File "C:\Users\kunal kongari\AppData\Local\Packages\PythonSoftwareFoundation.Python.3.11_qbz5n2kfra8p0\LocalCache\local-packages\Python311\site-packages\flask\app.py", line 1473, in wsgi_app
    response = self.full_dispatch_request()
               ^^^^^^^^^^^^^^^^^^^^^^^^^^^^
  File "C:\Users\kunal kongari\AppData\Local\Packages\PythonSoftwareFoundation.Python.3.11_qbz5n2kfra8p0\LocalCache\local-packages\Python311\site-packages\flask\app.py", line 882, in full_dispatch_request
    rv = self.handle_user_exception(e)
         ^^^^^^^^^^^^^^^^^^^^^^^^^^^^^
  File "C:\Users\kunal kongari\AppData\Local\Packages\PythonSoftwareFoundation.Python.3.11_qbz5n2kfra8p0\LocalCache\local-packages\Python311\site-packages\flask\app.py", line 880, in full_dispatch_request
    rv = self.dispatch_request()
         ^^^^^^^^^^^^^^^^^^^^^^^
  File "C:\Users\kunal kongari\AppData\Local\Packages\PythonSoftwareFoundation.Python.3.11_qbz5n2kfra8p0\LocalCache\local-packages\Python311\site-packages\flask\app.py", line 865, in dispatch_request
    return self.ensure_sync(self.view_functions[rule.endpoint])(**view_args)  # type: ignore[no-any-return]
           ^^^^^^^^^^^^^^^^^^^^^^^^^^^^^^^^^^^^^^^^^^^^^^^^^^^^^^^^^^^^^^^^^
  File "C:\Users\kunal kongari\OneDrive - Indian Institute of Science\Desktop\files (1)\app.py", line 50, in index
    return render_template("index.html")
           ^^^^^^^^^^^^^^^^^^^^^^^^^^^^^
  File "C:\Users\kunal kongari\AppData\Local\Packages\PythonSoftwareFoundation.Python.3.11_qbz5n2kfra8p0\LocalCache\local-packages\Python311\site-packages\flask\templating.py", line 149, in render_template
    template = app.jinja_env.get_or_select_template(template_name_or_list)
               ^^^^^^^^^^^^^^^^^^^^^^^^^^^^^^^^^^^^^^^^^^^^^^^^^^^^^^^^^^^
  File "C:\Users\kunal kongari\AppData\Local\Packages\PythonSoftwareFoundation.Python.3.11_qbz5n2kfra8p0\LocalCache\local-packages\Python311\site-packages\jinja2\environment.py", line 1087, in get_or_select_template
    return self.get_template(template_name_or_list, parent, globals)
           ^^^^^^^^^^^^^^^^^^^^^^^^^^^^^^^^^^^^^^^^^^^^^^^^^^^^^^^^^
  File "C:\Users\kunal kongari\AppData\Local\Packages\PythonSoftwareFoundation.Python.3.11_qbz5n2kfra8p0\LocalCache\local-packages\Python311\site-packages\jinja2\environment.py", line 1016, in get_template
    return self._load_template(name, globals)
           ^^^^^^^^^^^^^^^^^^^^^^^^^^^^^^^^^^
  File "C:\Users\kunal kongari\AppData\Local\Packages\PythonSoftwareFoundation.Python.3.11_qbz5n2kfra8p0\LocalCache\local-packages\Python311\site-packages\jinja2\environment.py", line 975, in _load_template
    template = self.loader.load(self, name, self.make_globals(globals))
               ^^^^^^^^^^^^^^^^^^^^^^^^^^^^^^^^^^^^^^^^^^^^^^^^^^^^^^^^
  File "C:\Users\kunal kongari\AppData\Local\Packages\PythonSoftwareFoundation.Python.3.11_qbz5n2kfra8p0\LocalCache\local-packages\Python311\site-packages\jinja2\loaders.py", line 126, in load
    source, filename, uptodate = self.get_source(environment, name)
                                 ^^^^^^^^^^^^^^^^^^^^^^^^^^^^^^^^^^
  File "C:\Users\kunal kongari\AppData\Local\Packages\PythonSoftwareFoundation.Python.3.11_qbz5n2kfra8p0\LocalCache\local-packages\Python311\site-packages\flask\templating.py", line 65, in get_source
    return self._get_source_fast(environment, template)
           ^^^^^^^^^^^^^^^^^^^^^^^^^^^^^^^^^^^^^^^^^^^^
  File "C:\Users\kunal kongari\AppData\Local\Packages\PythonSoftwareFoundation.Python.3.11_qbz5n2kfra8p0\LocalCache\local-packages\Python311\site-packages\flask\templating.py", line 99, in _get_source_fast
    raise TemplateNotFound(template)
jinja2.exceptions.TemplateNotFound: index.html
2026-03-31 03:10:58,454  INFO      127.0.0.1 - - [31/Mar/2026 03:10:58] "[35m[1mGET / HTTP/1.1[0m" 500 -
2026-03-31 03:10:59,769  ERROR     Exception on / [GET]
Traceback (most recent call last):
  File "C:\Users\kunal kongari\AppData\Local\Packages\PythonSoftwareFoundation.Python.3.11_qbz5n2kfra8p0\LocalCache\local-packages\Python311\site-packages\flask\app.py", line 1473, in wsgi_app
    response = self.full_dispatch_request()
               ^^^^^^^^^^^^^^^^^^^^^^^^^^^^
  File "C:\Users\kunal kongari\AppData\Local\Packages\PythonSoftwareFoundation.Python.3.11_qbz5n2kfra8p0\LocalCache\local-packages\Python311\site-packages\flask\app.py", line 882, in full_dispatch_request
    rv = self.handle_user_exception(e)
         ^^^^^^^^^^^^^^^^^^^^^^^^^^^^^
  File "C:\Users\kunal kongari\AppData\Local\Packages\PythonSoftwareFoundation.Python.3.11_qbz5n2kfra8p0\LocalCache\local-packages\Python311\site-packages\flask\app.py", line 880, in full_dispatch_request
    rv = self.dispatch_request()
         ^^^^^^^^^^^^^^^^^^^^^^^
  File "C:\Users\kunal kongari\AppData\Local\Packages\PythonSoftwareFoundation.Python.3.11_qbz5n2kfra8p0\LocalCache\local-packages\Python311\site-packages\flask\app.py", line 865, in dispatch_request
    return self.ensure_sync(self.view_functions[rule.endpoint])(**view_args)  # type: ignore[no-any-return]
           ^^^^^^^^^^^^^^^^^^^^^^^^^^^^^^^^^^^^^^^^^^^^^^^^^^^^^^^^^^^^^^^^^
  File "C:\Users\kunal kongari\OneDrive - Indian Institute of Science\Desktop\files (1)\app.py", line 50, in index
    return render_template("index.html")
           ^^^^^^^^^^^^^^^^^^^^^^^^^^^^^
  File "C:\Users\kunal kongari\AppData\Local\Packages\PythonSoftwareFoundation.Python.3.11_qbz5n2kfra8p0\LocalCache\local-packages\Python311\site-packages\flask\templating.py", line 149, in render_template
    template = app.jinja_env.get_or_select_template(template_name_or_list)
               ^^^^^^^^^^^^^^^^^^^^^^^^^^^^^^^^^^^^^^^^^^^^^^^^^^^^^^^^^^^
  File "C:\Users\kunal kongari\AppData\Local\Packages\PythonSoftwareFoundation.Python.3.11_qbz5n2kfra8p0\LocalCache\local-packages\Python311\site-packages\jinja2\environment.py", line 1087, in get_or_select_template
    return self.get_template(template_name_or_list, parent, globals)
           ^^^^^^^^^^^^^^^^^^^^^^^^^^^^^^^^^^^^^^^^^^^^^^^^^^^^^^^^^
  File "C:\Users\kunal kongari\AppData\Local\Packages\PythonSoftwareFoundation.Python.3.11_qbz5n2kfra8p0\LocalCache\local-packages\Python311\site-packages\jinja2\environment.py", line 1016, in get_template
    return self._load_template(name, globals)
           ^^^^^^^^^^^^^^^^^^^^^^^^^^^^^^^^^^
  File "C:\Users\kunal kongari\AppData\Local\Packages\PythonSoftwareFoundation.Python.3.11_qbz5n2kfra8p0\LocalCache\local-packages\Python311\site-packages\jinja2\environment.py", line 975, in _load_template
    template = self.loader.load(self, name, self.make_globals(globals))
               ^^^^^^^^^^^^^^^^^^^^^^^^^^^^^^^^^^^^^^^^^^^^^^^^^^^^^^^^
  File "C:\Users\kunal kongari\AppData\Local\Packages\PythonSoftwareFoundation.Python.3.11_qbz5n2kfra8p0\LocalCache\local-packages\Python311\site-packages\jinja2\loaders.py", line 126, in load
    source, filename, uptodate = self.get_source(environment, name)
                                 ^^^^^^^^^^^^^^^^^^^^^^^^^^^^^^^^^^
  File "C:\Users\kunal kongari\AppData\Local\Packages\PythonSoftwareFoundation.Python.3.11_qbz5n2kfra8p0\LocalCache\local-packages\Python311\site-packages\flask\templating.py", line 65, in get_source
    return self._get_source_fast(environment, template)
           ^^^^^^^^^^^^^^^^^^^^^^^^^^^^^^^^^^^^^^^^^^^^
  File "C:\Users\kunal kongari\AppData\Local\Packages\PythonSoftwareFoundation.Python.3.11_qbz5n2kfra8p0\LocalCache\local-packages\Python311\site-packages\flask\templating.py", line 99, in _get_source_fast
    raise TemplateNotFound(template)
jinja2.exceptions.TemplateNotFound: index.html
2026-03-31 03:10:59,772  INFO      127.0.0.1 - - [31/Mar/2026 03:10:59] "[35m[1mGET / HTTP/1.1[0m" 500 -
2026-03-31 03:11:24,772  ERROR     Exception on / [GET]
Traceback (most recent call last):
  File "C:\Users\kunal kongari\AppData\Local\Packages\PythonSoftwareFoundation.Python.3.11_qbz5n2kfra8p0\LocalCache\local-packages\Python311\site-packages\flask\app.py", line 1473, in wsgi_app
    response = self.full_dispatch_request()
               ^^^^^^^^^^^^^^^^^^^^^^^^^^^^
  File "C:\Users\kunal kongari\AppData\Local\Packages\PythonSoftwareFoundation.Python.3.11_qbz5n2kfra8p0\LocalCache\local-packages\Python311\site-packages\flask\app.py", line 882, in full_dispatch_request
    rv = self.handle_user_exception(e)
         ^^^^^^^^^^^^^^^^^^^^^^^^^^^^^
  File "C:\Users\kunal kongari\AppData\Local\Packages\PythonSoftwareFoundation.Python.3.11_qbz5n2kfra8p0\LocalCache\local-packages\Python311\site-packages\flask\app.py", line 880, in full_dispatch_request
    rv = self.dispatch_request()
         ^^^^^^^^^^^^^^^^^^^^^^^
  File "C:\Users\kunal kongari\AppData\Local\Packages\PythonSoftwareFoundation.Python.3.11_qbz5n2kfra8p0\LocalCache\local-packages\Python311\site-packages\flask\app.py", line 865, in dispatch_request
    return self.ensure_sync(self.view_functions[rule.endpoint])(**view_args)  # type: ignore[no-any-return]
           ^^^^^^^^^^^^^^^^^^^^^^^^^^^^^^^^^^^^^^^^^^^^^^^^^^^^^^^^^^^^^^^^^
  File "C:\Users\kunal kongari\OneDrive - Indian Institute of Science\Desktop\files (1)\app.py", line 50, in index
    return render_template("index.html")
           ^^^^^^^^^^^^^^^^^^^^^^^^^^^^^
  File "C:\Users\kunal kongari\AppData\Local\Packages\PythonSoftwareFoundation.Python.3.11_qbz5n2kfra8p0\LocalCache\local-packages\Python311\site-packages\flask\templating.py", line 149, in render_template
    template = app.jinja_env.get_or_select_template(template_name_or_list)
               ^^^^^^^^^^^^^^^^^^^^^^^^^^^^^^^^^^^^^^^^^^^^^^^^^^^^^^^^^^^
  File "C:\Users\kunal kongari\AppData\Local\Packages\PythonSoftwareFoundation.Python.3.11_qbz5n2kfra8p0\LocalCache\local-packages\Python311\site-packages\jinja2\environment.py", line 1087, in get_or_select_template
    return self.get_template(template_name_or_list, parent, globals)
           ^^^^^^^^^^^^^^^^^^^^^^^^^^^^^^^^^^^^^^^^^^^^^^^^^^^^^^^^^
  File "C:\Users\kunal kongari\AppData\Local\Packages\PythonSoftwareFoundation.Python.3.11_qbz5n2kfra8p0\LocalCache\local-packages\Python311\site-packages\jinja2\environment.py", line 1016, in get_template
    return self._load_template(name, globals)
           ^^^^^^^^^^^^^^^^^^^^^^^^^^^^^^^^^^
  File "C:\Users\kunal kongari\AppData\Local\Packages\PythonSoftwareFoundation.Python.3.11_qbz5n2kfra8p0\LocalCache\local-packages\Python311\site-packages\jinja2\environment.py", line 975, in _load_template
    template = self.loader.load(self, name, self.make_globals(globals))
               ^^^^^^^^^^^^^^^^^^^^^^^^^^^^^^^^^^^^^^^^^^^^^^^^^^^^^^^^
  File "C:\Users\kunal kongari\AppData\Local\Packages\PythonSoftwareFoundation.Python.3.11_qbz5n2kfra8p0\LocalCache\local-packages\Python311\site-packages\jinja2\loaders.py", line 126, in load
    source, filename, uptodate = self.get_source(environment, name)
                                 ^^^^^^^^^^^^^^^^^^^^^^^^^^^^^^^^^^
  File "C:\Users\kunal kongari\AppData\Local\Packages\PythonSoftwareFoundation.Python.3.11_qbz5n2kfra8p0\LocalCache\local-packages\Python311\site-packages\flask\templating.py", line 65, in get_source
    return self._get_source_fast(environment, template)
           ^^^^^^^^^^^^^^^^^^^^^^^^^^^^^^^^^^^^^^^^^^^^
  File "C:\Users\kunal kongari\AppData\Local\Packages\PythonSoftwareFoundation.Python.3.11_qbz5n2kfra8p0\LocalCache\local-packages\Python311\site-packages\flask\templating.py", line 99, in _get_source_fast
    raise TemplateNotFound(template)
jinja2.exceptions.TemplateNotFound: index.html
2026-03-31 03:11:24,800  INFO      10.217.57.238 - - [31/Mar/2026 03:11:24] "[35m[1mGET / HTTP/1.1[0m" 500 -
2026-03-31 03:11:24,894  INFO      10.217.57.238 - - [31/Mar/2026 03:11:24] "[33mGET /favicon.ico HTTP/1.1[0m" 404 -
2026-03-31 03:11:26,828  ERROR     Exception on / [GET]
Traceback (most recent call last):
  File "C:\Users\kunal kongari\AppData\Local\Packages\PythonSoftwareFoundation.Python.3.11_qbz5n2kfra8p0\LocalCache\local-packages\Python311\site-packages\flask\app.py", line 1473, in wsgi_app
    response = self.full_dispatch_request()
               ^^^^^^^^^^^^^^^^^^^^^^^^^^^^
  File "C:\Users\kunal kongari\AppData\Local\Packages\PythonSoftwareFoundation.Python.3.11_qbz5n2kfra8p0\LocalCache\local-packages\Python311\site-packages\flask\app.py", line 882, in full_dispatch_request
    rv = self.handle_user_exception(e)
         ^^^^^^^^^^^^^^^^^^^^^^^^^^^^^
  File "C:\Users\kunal kongari\AppData\Local\Packages\PythonSoftwareFoundation.Python.3.11_qbz5n2kfra8p0\LocalCache\local-packages\Python311\site-packages\flask\app.py", line 880, in full_dispatch_request
    rv = self.dispatch_request()
         ^^^^^^^^^^^^^^^^^^^^^^^
  File "C:\Users\kunal kongari\AppData\Local\Packages\PythonSoftwareFoundation.Python.3.11_qbz5n2kfra8p0\LocalCache\local-packages\Python311\site-packages\flask\app.py", line 865, in dispatch_request
    return self.ensure_sync(self.view_functions[rule.endpoint])(**view_args)  # type: ignore[no-any-return]
           ^^^^^^^^^^^^^^^^^^^^^^^^^^^^^^^^^^^^^^^^^^^^^^^^^^^^^^^^^^^^^^^^^
  File "C:\Users\kunal kongari\OneDrive - Indian Institute of Science\Desktop\files (1)\app.py", line 50, in index
    return render_template("index.html")
           ^^^^^^^^^^^^^^^^^^^^^^^^^^^^^
  File "C:\Users\kunal kongari\AppData\Local\Packages\PythonSoftwareFoundation.Python.3.11_qbz5n2kfra8p0\LocalCache\local-packages\Python311\site-packages\flask\templating.py", line 149, in render_template
    template = app.jinja_env.get_or_select_template(template_name_or_list)
               ^^^^^^^^^^^^^^^^^^^^^^^^^^^^^^^^^^^^^^^^^^^^^^^^^^^^^^^^^^^
  File "C:\Users\kunal kongari\AppData\Local\Packages\PythonSoftwareFoundation.Python.3.11_qbz5n2kfra8p0\LocalCache\local-packages\Python311\site-packages\jinja2\environment.py", line 1087, in get_or_select_template
    return self.get_template(template_name_or_list, parent, globals)
           ^^^^^^^^^^^^^^^^^^^^^^^^^^^^^^^^^^^^^^^^^^^^^^^^^^^^^^^^^
  File "C:\Users\kunal kongari\AppData\Local\Packages\PythonSoftwareFoundation.Python.3.11_qbz5n2kfra8p0\LocalCache\local-packages\Python311\site-packages\jinja2\environment.py", line 1016, in get_template
    return self._load_template(name, globals)
           ^^^^^^^^^^^^^^^^^^^^^^^^^^^^^^^^^^
  File "C:\Users\kunal kongari\AppData\Local\Packages\PythonSoftwareFoundation.Python.3.11_qbz5n2kfra8p0\LocalCache\local-packages\Python311\site-packages\jinja2\environment.py", line 975, in _load_template
    template = self.loader.load(self, name, self.make_globals(globals))
               ^^^^^^^^^^^^^^^^^^^^^^^^^^^^^^^^^^^^^^^^^^^^^^^^^^^^^^^^
  File "C:\Users\kunal kongari\AppData\Local\Packages\PythonSoftwareFoundation.Python.3.11_qbz5n2kfra8p0\LocalCache\local-packages\Python311\site-packages\jinja2\loaders.py", line 126, in load
    source, filename, uptodate = self.get_source(environment, name)
                                 ^^^^^^^^^^^^^^^^^^^^^^^^^^^^^^^^^^
  File "C:\Users\kunal kongari\AppData\Local\Packages\PythonSoftwareFoundation.Python.3.11_qbz5n2kfra8p0\LocalCache\local-packages\Python311\site-packages\flask\templating.py", line 65, in get_source
    return self._get_source_fast(environment, template)
           ^^^^^^^^^^^^^^^^^^^^^^^^^^^^^^^^^^^^^^^^^^^^
  File "C:\Users\kunal kongari\AppData\Local\Packages\PythonSoftwareFoundation.Python.3.11_qbz5n2kfra8p0\LocalCache\local-packages\Python311\site-packages\flask\templating.py", line 99, in _get_source_fast
    raise TemplateNotFound(template)
jinja2.exceptions.TemplateNotFound: index.html
2026-03-31 03:11:26,830  INFO      10.217.57.238 - - [31/Mar/2026 03:11:26] "[35m[1mGET / HTTP/1.1[0m" 500 -
2026-03-31 03:14:46,809  INFO      Model loaded | Threshold: 0.7013
2026-03-31 03:14:46,809  INFO      FraudPredictor loaded successfully.
2026-03-31 03:14:46,810  INFO      Starting Flask on port 5000
2026-03-31 03:14:48,120  INFO      [31m[1mWARNING: This is a development server. Do not use it in a production deployment. Use a production WSGI server instead.[0m
 * Running on all addresses (0.0.0.0)
 * Running on http://127.0.0.1:5000
 * Running on http://10.217.57.238:5000
2026-03-31 03:14:48,121  INFO      [33mPress CTRL+C to quit[0m
2026-03-31 03:14:51,396  INFO      127.0.0.1 - - [31/Mar/2026 03:14:51] "GET / HTTP/1.1" 200 -
2026-03-31 03:14:51,511  INFO      127.0.0.1 - - [31/Mar/2026 03:14:51] "GET /model-info HTTP/1.1" 200 -
2026-03-31 03:14:51,763  INFO      127.0.0.1 - - [31/Mar/2026 03:14:51] "[33mGET /favicon.ico HTTP/1.1[0m" 404 -
2026-03-31 03:14:59,367  INFO      Prediction → Legitimate | prob=0.0000 | Amount=149.62
2026-03-31 03:14:59,368  INFO      127.0.0.1 - - [31/Mar/2026 03:14:59] "POST /predict HTTP/1.1" 200 -
2026-03-31 03:15:16,038  INFO      Prediction → Legitimate | prob=0.0020 | Amount=149000.62
2026-03-31 03:15:16,039  INFO      127.0.0.1 - - [31/Mar/2026 03:15:16] "POST /predict HTTP/1.1" 200 -
2026-03-31 03:15:21,792  INFO      Prediction → Legitimate | prob=0.0020 | Amount=14900000000000.62
2026-03-31 03:15:21,793  INFO      127.0.0.1 - - [31/Mar/2026 03:15:21] "POST /predict HTTP/1.1" 200 -
2026-03-31 03:15:26,086  INFO      Prediction → Legitimate | prob=0.0020 | Amount=14900000000000.62
2026-03-31 03:15:26,088  INFO      127.0.0.1 - - [31/Mar/2026 03:15:26] "POST /predict HTTP/1.1" 200 -
2026-03-31 03:15:43,194  INFO      Prediction → Legitimate | prob=0.5667 | Amount=90000000.00
2026-03-31 03:15:43,195  INFO      127.0.0.1 - - [31/Mar/2026 03:15:43] "POST /predict HTTP/1.1" 200 -
2026-03-31 03:15:49,977  INFO      Prediction → Legitimate | prob=0.5667 | Amount=900000000000000.00
2026-03-31 03:15:49,978  INFO      127.0.0.1 - - [31/Mar/2026 03:15:49] "POST /predict HTTP/1.1" 200 -
2026-03-31 03:15:56,723  INFO      Prediction → Legitimate | prob=0.5667 | Amount=900000000000000.00
2026-03-31 03:15:56,724  INFO      127.0.0.1 - - [31/Mar/2026 03:15:56] "POST /predict HTTP/1.1" 200 -
2026-03-31 03:16:05,363  INFO      Prediction → Fraud | prob=0.8415 | Amount=900000000000000.00
2026-03-31 03:16:05,364  INFO      127.0.0.1 - - [31/Mar/2026 03:16:05] "POST /predict HTTP/1.1" 200 -
2026-03-31 03:23:10,897  INFO      Model loaded | Threshold: 0.7013
2026-03-31 03:23:10,897  INFO      FraudPredictor loaded successfully.
2026-03-31 03:23:10,901  INFO      Starting Flask on port 5000
2026-03-31 03:23:12,210  INFO      [31m[1mWARNING: This is a development server. Do not use it in a production deployment. Use a production WSGI server instead.[0m
 * Running on all addresses (0.0.0.0)
 * Running on http://127.0.0.1:5000
 * Running on http://10.217.57.238:5000
2026-03-31 03:23:12,210  INFO      [33mPress CTRL+C to quit[0m
2026-03-31 03:23:15,610  INFO      127.0.0.1 - - [31/Mar/2026 03:23:15] "GET / HTTP/1.1" 200 -
2026-03-31 03:23:15,767  INFO      127.0.0.1 - - [31/Mar/2026 03:23:15] "GET /model-info HTTP/1.1" 200 -
2026-03-31 03:30:04,514  INFO      Model loaded | Threshold: 0.7013
2026-03-31 03:30:04,514  INFO      FraudPredictor loaded successfully.
2026-03-31 03:30:04,516  INFO      Starting Flask on port 5000
2026-03-31 03:30:05,832  INFO      [31m[1mWARNING: This is a development server. Do not use it in a production deployment. Use a production WSGI server instead.[0m
 * Running on all addresses (0.0.0.0)
 * Running on http://127.0.0.1:5000
 * Running on http://10.217.57.238:5000
2026-03-31 03:30:05,833  INFO      [33mPress CTRL+C to quit[0m
2026-03-31 03:30:08,586  INFO      127.0.0.1 - - [31/Mar/2026 03:30:08] "GET / HTTP/1.1" 200 -
2026-03-31 03:30:08,770  INFO      127.0.0.1 - - [31/Mar/2026 03:30:08] "GET /model-info HTTP/1.1" 200 -
2026-03-31 03:30:45,953  INFO      Model loaded | Threshold: 0.7013
2026-03-31 03:30:45,953  INFO      FraudPredictor loaded successfully.
2026-03-31 03:30:45,955  INFO      Starting Flask on port 5000
2026-03-31 03:30:47,251  INFO      [31m[1mWARNING: This is a development server. Do not use it in a production deployment. Use a production WSGI server instead.[0m
 * Running on all addresses (0.0.0.0)
 * Running on http://127.0.0.1:5000
 * Running on http://10.217.57.238:5000
2026-03-31 03:30:47,251  INFO      [33mPress CTRL+C to quit[0m
2026-03-31 03:30:50,240  INFO      127.0.0.1 - - [31/Mar/2026 03:30:50] "GET / HTTP/1.1" 200 -
2026-03-31 03:30:50,313  INFO      127.0.0.1 - - [31/Mar/2026 03:30:50] "GET /model-info HTTP/1.1" 200 -
2026-03-31 03:30:52,644  INFO      Prediction → Legitimate | prob=0.0000 | Amount=149.62
2026-03-31 03:30:52,645  INFO      127.0.0.1 - - [31/Mar/2026 03:30:52] "POST /predict HTTP/1.1" 200 -
2026-03-31 03:34:50,506  INFO      Model loaded | Threshold: 0.7013
2026-03-31 03:34:50,507  INFO      FraudPredictor loaded successfully.
2026-03-31 03:34:50,510  INFO      Starting Flask on port 5000
2026-03-31 03:34:51,878  INFO      [31m[1mWARNING: This is a development server. Do not use it in a production deployment. Use a production WSGI server instead.[0m
 * Running on all addresses (0.0.0.0)
 * Running on http://127.0.0.1:5000
 * Running on http://10.217.57.238:5000
2026-03-31 03:34:51,879  INFO      [33mPress CTRL+C to quit[0m
2026-03-31 03:34:54,932  INFO      127.0.0.1 - - [31/Mar/2026 03:34:54] "GET / HTTP/1.1" 200 -
2026-03-31 03:34:55,173  INFO      127.0.0.1 - - [31/Mar/2026 03:34:55] "GET /model-info HTTP/1.1" 200 -
2026-03-31 03:34:59,633  INFO      Prediction → Legitimate | prob=0.0000 | Amount=149.62
2026-03-31 03:34:59,636  INFO      127.0.0.1 - - [31/Mar/2026 03:34:59] "POST /predict HTTP/1.1" 200 -
2026-03-31 03:35:52,538  INFO      Prediction → Legitimate | prob=0.0000 | Amount=5.00
2026-03-31 03:35:52,539  INFO      127.0.0.1 - - [31/Mar/2026 03:35:52] "POST /predict HTTP/1.1" 200 -
2026-03-31 03:36:07,883  INFO      Prediction → Legitimate | prob=0.6417 | Amount=2.69
2026-03-31 03:36:07,884  INFO      127.0.0.1 - - [31/Mar/2026 03:36:07] "POST /predict HTTP/1.1" 200 -
2026-03-31 03:36:18,365  INFO      Prediction → Fraud | prob=0.9375 | Amount=2.69
2026-03-31 03:36:18,366  INFO      127.0.0.1 - - [31/Mar/2026 03:36:18] "POST /predict HTTP/1.1" 200 -
2026-03-31 03:37:56,935  INFO      127.0.0.1 - - [31/Mar/2026 03:37:56] "[33mGET /.well-known/appspecific/com.chrome.devtools.json HTTP/1.1[0m" 404 -
2026-03-31 03:41:31,031  INFO      Model loaded | Threshold: 0.7013
2026-03-31 03:41:31,031  INFO      FraudPredictor loaded successfully.
2026-03-31 03:41:31,033  INFO      Starting Flask on port 5000
2026-03-31 03:41:32,344  INFO      [31m[1mWARNING: This is a development server. Do not use it in a production deployment. Use a production WSGI server instead.[0m
 * Running on all addresses (0.0.0.0)
 * Running on http://127.0.0.1:5000
 * Running on http://10.217.57.238:5000
2026-03-31 03:41:32,345  INFO      [33mPress CTRL+C to quit[0m
2026-03-31 03:41:35,415  INFO      127.0.0.1 - - [31/Mar/2026 03:41:35] "GET / HTTP/1.1" 200 -
2026-03-31 03:41:35,615  INFO      127.0.0.1 - - [31/Mar/2026 03:41:35] "GET /model-info HTTP/1.1" 200 -
2026-03-31 03:46:03,729  INFO      Model loaded | Threshold: 0.7013
2026-03-31 03:46:03,729  INFO      FraudPredictor loaded successfully.
2026-03-31 03:46:03,731  INFO      Starting Flask on port 5000
2026-03-31 03:46:05,040  INFO      [31m[1mWARNING: This is a development server. Do not use it in a production deployment. Use a production WSGI server instead.[0m
 * Running on all addresses (0.0.0.0)
 * Running on http://127.0.0.1:5000
 * Running on http://10.217.57.238:5000
2026-03-31 03:46:05,041  INFO      [33mPress CTRL+C to quit[0m
2026-03-31 03:46:08,326  INFO      127.0.0.1 - - [31/Mar/2026 03:46:08] "GET / HTTP/1.1" 200 -
2026-03-31 03:46:08,434  INFO      127.0.0.1 - - [31/Mar/2026 03:46:08] "GET /model-info HTTP/1.1" 200 -
2026-03-31 03:46:13,405  INFO      Prediction → Legitimate | prob=0.0000 | Amount=149.62
2026-03-31 03:46:13,406  INFO      127.0.0.1 - - [31/Mar/2026 03:46:13] "POST /predict HTTP/1.1" 200 -
2026-03-31 03:46:26,997  ERROR     Unexpected error: float() argument must be a string or a real number, not 'NoneType'
Traceback (most recent call last):
  File "C:\Users\kunal kongari\OneDrive - Indian Institute of Science\Desktop\files (1)\app.py", line 74, in predict
    transaction = {k: float(data[k]) for k in required}
                  ^^^^^^^^^^^^^^^^^^^^^^^^^^^^^^^^^^^^^
  File "C:\Users\kunal kongari\OneDrive - Indian Institute of Science\Desktop\files (1)\app.py", line 74, in <dictcomp>
    transaction = {k: float(data[k]) for k in required}
                      ^^^^^^^^^^^^^^
TypeError: float() argument must be a string or a real number, not 'NoneType'
2026-03-31 03:46:27,000  INFO      127.0.0.1 - - [31/Mar/2026 03:46:27] "[35m[1mPOST /predict HTTP/1.1[0m" 500 -
2026-03-31 03:46:32,581  INFO      Prediction → Legitimate | prob=0.0000 | Amount=149.62
2026-03-31 03:46:32,582  INFO      127.0.0.1 - - [31/Mar/2026 03:46:32] "POST /predict HTTP/1.1" 200 -
2026-03-31 03:47:03,557  INFO      Prediction → Legitimate | prob=0.0000 | Amount=3.40
2026-03-31 03:47:03,558  INFO      127.0.0.1 - - [31/Mar/2026 03:47:03] "POST /predict HTTP/1.1" 200 -
2026-03-31 03:47:20,597  INFO      Prediction → Legitimate | prob=0.0000 | Amount=10.00
2026-03-31 03:47:20,597  INFO      127.0.0.1 - - [31/Mar/2026 03:47:20] "POST /predict HTTP/1.1" 200 -
2026-03-31 03:47:26,394  INFO      Prediction → Legitimate | prob=0.0000 | Amount=2.00
2026-03-31 03:47:26,395  INFO      127.0.0.1 - - [31/Mar/2026 03:47:26] "POST /predict HTTP/1.1" 200 -
2026-03-31 03:47:49,367  INFO      Prediction → Legitimate | prob=0.0000 | Amount=2.00
2026-03-31 03:47:49,368  INFO      127.0.0.1 - - [31/Mar/2026 03:47:49] "POST /predict HTTP/1.1" 200 -
2026-03-31 03:47:53,397  INFO      Prediction → Legitimate | prob=0.0000 | Amount=2.00
2026-03-31 03:47:53,397  INFO      127.0.0.1 - - [31/Mar/2026 03:47:53] "POST /predict HTTP/1.1" 200 -
2026-03-31 03:47:58,682  INFO      Prediction → Legitimate | prob=0.0000 | Amount=9.00
2026-03-31 03:47:58,684  INFO      127.0.0.1 - - [31/Mar/2026 03:47:58] "POST /predict HTTP/1.1" 200 -
2026-03-31 03:48:01,729  INFO      Prediction → Legitimate | prob=0.0037 | Amount=1.00
2026-03-31 03:48:01,729  INFO      127.0.0.1 - - [31/Mar/2026 03:48:01] "POST /predict HTTP/1.1" 200 -
2026-03-31 03:48:05,648  INFO      Prediction → Legitimate | prob=0.0062 | Amount=1.50
2026-03-31 03:48:05,650  INFO      127.0.0.1 - - [31/Mar/2026 03:48:05] "POST /predict HTTP/1.1" 200 -
2026-03-31 03:48:23,525  INFO      Prediction → Legitimate | prob=0.0024 | Amount=1.50
2026-03-31 03:48:23,526  INFO      127.0.0.1 - - [31/Mar/2026 03:48:23] "POST /predict HTTP/1.1" 200 -
2026-03-31 03:48:35,860  INFO      Prediction → Legitimate | prob=0.0000 | Amount=167.00
2026-03-31 03:48:35,861  INFO      127.0.0.1 - - [31/Mar/2026 03:48:35] "POST /predict HTTP/1.1" 200 -
2026-03-31 03:48:40,412  INFO      Prediction → Legitimate | prob=0.0020 | Amount=167000000.00
2026-03-31 03:48:40,413  INFO      127.0.0.1 - - [31/Mar/2026 03:48:40] "POST /predict HTTP/1.1" 200 -
2026-03-31 03:49:08,754  INFO      Prediction → Legitimate | prob=0.0000 | Amount=149.62
2026-03-31 03:49:08,755  INFO      127.0.0.1 - - [31/Mar/2026 03:49:08] "POST /predict HTTP/1.1" 200 -
2026-03-31 03:49:13,497  INFO      Prediction → Legitimate | prob=0.0000 | Amount=43.00
2026-03-31 03:49:13,498  INFO      127.0.0.1 - - [31/Mar/2026 03:49:13] "POST /predict HTTP/1.1" 200 -
2026-03-31 03:49:16,530  INFO      Prediction → Legitimate | prob=0.0000 | Amount=4.00
2026-03-31 03:49:16,531  INFO      127.0.0.1 - - [31/Mar/2026 03:49:16] "POST /predict HTTP/1.1" 200 -
2026-03-31 03:50:38,267  INFO      Prediction → Legitimate | prob=0.0000 | Amount=2.69
2026-03-31 03:50:38,267  INFO      127.0.0.1 - - [31/Mar/2026 03:50:38] "POST /predict HTTP/1.1" 200 -
2026-03-31 03:50:39,693  INFO      Prediction → Legitimate | prob=0.0000 | Amount=2.69
2026-03-31 03:50:39,693  INFO      127.0.0.1 - - [31/Mar/2026 03:50:39] "POST /predict HTTP/1.1" 200 -
2026-03-31 03:50:49,539  INFO      Prediction → Legitimate | prob=0.0000 | Amount=4.00
2026-03-31 03:50:49,541  INFO      127.0.0.1 - - [31/Mar/2026 03:50:49] "POST /predict HTTP/1.1" 200 -
2026-03-31 03:50:54,157  INFO      Prediction → Legitimate | prob=0.0000 | Amount=4.56
2026-03-31 03:50:54,157  INFO      127.0.0.1 - - [31/Mar/2026 03:50:54] "POST /predict HTTP/1.1" 200 -
2026-03-31 03:51:05,119  INFO      Prediction → Legitimate | prob=0.0000 | Amount=4.56
2026-03-31 03:51:05,120  INFO      127.0.0.1 - - [31/Mar/2026 03:51:05] "POST /predict HTTP/1.1" 200 -
2026-03-31 03:51:08,347  INFO      Prediction → Legitimate | prob=0.0000 | Amount=4.56
2026-03-31 03:51:08,348  INFO      127.0.0.1 - - [31/Mar/2026 03:51:08] "POST /predict HTTP/1.1" 200 -
2026-03-31 03:51:17,199  INFO      Prediction → Legitimate | prob=0.0000 | Amount=4.56
2026-03-31 03:51:17,199  INFO      127.0.0.1 - - [31/Mar/2026 03:51:17] "POST /predict HTTP/1.1" 200 -
2026-03-31 03:51:22,842  INFO      Prediction → Legitimate | prob=0.0000 | Amount=5.78
2026-03-31 03:51:22,844  INFO      127.0.0.1 - - [31/Mar/2026 03:51:22] "POST /predict HTTP/1.1" 200 -
2026-03-31 03:51:35,254  INFO      Prediction → Legitimate | prob=0.0000 | Amount=5.78
2026-03-31 03:51:35,254  INFO      127.0.0.1 - - [31/Mar/2026 03:51:35] "POST /predict HTTP/1.1" 200 -
2026-03-31 03:51:44,749  INFO      Prediction → Legitimate | prob=0.6417 | Amount=2.69
2026-03-31 03:51:44,750  INFO      127.0.0.1 - - [31/Mar/2026 03:51:44] "POST /predict HTTP/1.1" 200 -
2026-03-31 03:51:53,916  INFO      Prediction → Legitimate | prob=0.6417 | Amount=2.69
2026-03-31 03:51:53,917  INFO      127.0.0.1 - - [31/Mar/2026 03:51:53] "POST /predict HTTP/1.1" 200 -
2026-03-31 03:51:56,889  INFO      Prediction → Legitimate | prob=0.0000 | Amount=24.95
2026-03-31 03:51:56,890  INFO      127.0.0.1 - - [31/Mar/2026 03:51:56] "POST /predict HTTP/1.1" 200 -
2026-03-31 03:52:00,456  INFO      Prediction → Legitimate | prob=0.6417 | Amount=2.69
2026-03-31 03:52:00,456  INFO      127.0.0.1 - - [31/Mar/2026 03:52:00] "POST /predict HTTP/1.1" 200 -
2026-03-31 03:52:07,821  INFO      Prediction → Legitimate | prob=0.6417 | Amount=2.69
2026-03-31 03:52:07,821  INFO      127.0.0.1 - - [31/Mar/2026 03:52:07] "POST /predict HTTP/1.1" 200 -
2026-03-31 03:52:13,657  INFO      Prediction → Legitimate | prob=0.0000 | Amount=24.95
2026-03-31 03:52:13,658  INFO      127.0.0.1 - - [31/Mar/2026 03:52:13] "POST /predict HTTP/1.1" 200 -
2026-03-31 03:52:17,735  INFO      Prediction → Legitimate | prob=0.6417 | Amount=2.69
2026-03-31 03:52:17,736  INFO      127.0.0.1 - - [31/Mar/2026 03:52:17] "POST /predict HTTP/1.1" 200 -
2026-03-31 03:54:58,649  INFO      Prediction → Legitimate | prob=0.0000 | Amount=2.69
2026-03-31 03:54:58,649  INFO      127.0.0.1 - - [31/Mar/2026 03:54:58] "POST /predict HTTP/1.1" 200 -
2026-03-31 03:55:07,930  INFO      Prediction → Legitimate | prob=0.0000 | Amount=2.69
2026-03-31 03:55:07,931  INFO      127.0.0.1 - - [31/Mar/2026 03:55:07] "POST /predict HTTP/1.1" 200 -
2026-03-31 03:57:00,614  INFO      Prediction → Legitimate | prob=0.3009 | Amount=2.69
2026-03-31 03:57:00,615  INFO      127.0.0.1 - - [31/Mar/2026 03:57:00] "POST /predict HTTP/1.1" 200 -
2026-03-31 03:58:35,735  INFO      127.0.0.1 - - [31/Mar/2026 03:58:35] "[33mGET /.well-known/appspecific/com.chrome.devtools.json HTTP/1.1[0m" 404 -
2026-03-31 04:02:14,501  INFO      Model loaded | Threshold: 0.7013
2026-03-31 04:02:14,501  INFO      FraudPredictor loaded successfully.
2026-03-31 04:02:14,502  INFO      Starting Flask on port 5000
2026-03-31 04:02:15,806  INFO      [31m[1mWARNING: This is a development server. Do not use it in a production deployment. Use a production WSGI server instead.[0m
 * Running on all addresses (0.0.0.0)
 * Running on http://127.0.0.1:5000
 * Running on http://10.217.57.238:5000
2026-03-31 04:02:15,806  INFO      [33mPress CTRL+C to quit[0m
2026-03-31 04:02:18,443  INFO      127.0.0.1 - - [31/Mar/2026 04:02:18] "GET / HTTP/1.1" 200 -
2026-03-31 04:02:18,527  INFO      127.0.0.1 - - [31/Mar/2026 04:02:18] "GET /model-info HTTP/1.1" 200 -
2026-03-31 04:02:37,771  INFO      Prediction → Legitimate | prob=0.0000 | Amount=8.00
2026-03-31 04:02:37,772  INFO      127.0.0.1 - - [31/Mar/2026 04:02:37] "POST /predict HTTP/1.1" 200 -
2026-03-31 04:02:47,915  INFO      Prediction → Legitimate | prob=0.0000 | Amount=8.00
2026-03-31 04:02:47,915  INFO      127.0.0.1 - - [31/Mar/2026 04:02:47] "POST /predict HTTP/1.1" 200 -
2026-03-31 04:02:57,442  INFO      Prediction → Legitimate | prob=0.0000 | Amount=8.00
2026-03-31 04:02:57,443  INFO      127.0.0.1 - - [31/Mar/2026 04:02:57] "POST /predict HTTP/1.1" 200 -
2026-03-31 04:03:27,997  INFO      Prediction → Legitimate | prob=0.6417 | Amount=2.69
2026-03-31 04:03:27,998  INFO      127.0.0.1 - - [31/Mar/2026 04:03:27] "POST /predict HTTP/1.1" 200 -
2026-03-31 04:03:33,880  INFO      Prediction → Legitimate | prob=0.0000 | Amount=24.95
2026-03-31 04:03:33,880  INFO      127.0.0.1 - - [31/Mar/2026 04:03:33] "POST /predict HTTP/1.1" 200 -
2026-03-31 04:03:36,309  INFO      Prediction → Legitimate | prob=0.6417 | Amount=2.69
2026-03-31 04:03:36,309  INFO      127.0.0.1 - - [31/Mar/2026 04:03:36] "POST /predict HTTP/1.1" 200 -
2026-03-31 04:03:40,271  INFO      Prediction → Legitimate | prob=0.6305 | Amount=2.69
2026-03-31 04:03:40,272  INFO      127.0.0.1 - - [31/Mar/2026 04:03:40] "POST /predict HTTP/1.1" 200 -
2026-03-31 04:03:45,219  INFO      Prediction → Legitimate | prob=0.2753 | Amount=2.69
2026-03-31 04:03:45,219  INFO      127.0.0.1 - - [31/Mar/2026 04:03:45] "POST /predict HTTP/1.1" 200 -
2026-03-31 04:03:53,854  INFO      Prediction → Legitimate | prob=0.3558 | Amount=2.69
2026-03-31 04:03:53,855  INFO      127.0.0.1 - - [31/Mar/2026 04:03:53] "POST /predict HTTP/1.1" 200 -
2026-03-31 04:04:03,271  INFO      Prediction → Legitimate | prob=0.2134 | Amount=2.69
2026-03-31 04:04:03,272  INFO      127.0.0.1 - - [31/Mar/2026 04:04:03] "POST /predict HTTP/1.1" 200 -
2026-03-31 04:04:12,240  INFO      Prediction → Legitimate | prob=0.3556 | Amount=2.69
2026-03-31 04:04:12,241  INFO      127.0.0.1 - - [31/Mar/2026 04:04:12] "POST /predict HTTP/1.1" 200 -
2026-03-31 04:04:22,330  INFO      Prediction → Legitimate | prob=0.3584 | Amount=2.69
2026-03-31 04:04:22,331  INFO      127.0.0.1 - - [31/Mar/2026 04:04:22] "POST /predict HTTP/1.1" 200 -
2026-03-31 04:04:24,378  INFO      Prediction → Legitimate | prob=0.3584 | Amount=2.69
2026-03-31 04:04:24,379  INFO      127.0.0.1 - - [31/Mar/2026 04:04:24] "POST /predict HTTP/1.1" 200 -
2026-03-31 04:04:31,136  INFO      Prediction → Legitimate | prob=0.6417 | Amount=2.69
2026-03-31 04:04:31,136  INFO      127.0.0.1 - - [31/Mar/2026 04:04:31] "POST /predict HTTP/1.1" 200 -
2026-03-31 04:12:55,426  INFO      Model loaded | Threshold: 0.7013
2026-03-31 04:12:55,426  INFO      FraudPredictor loaded successfully.
2026-03-31 04:12:55,428  INFO      Starting Flask on port 5000
2026-03-31 04:12:56,758  INFO      [31m[1mWARNING: This is a development server. Do not use it in a production deployment. Use a production WSGI server instead.[0m
 * Running on all addresses (0.0.0.0)
 * Running on http://127.0.0.1:5000
 * Running on http://10.217.57.238:5000
2026-03-31 04:12:56,758  INFO      [33mPress CTRL+C to quit[0m
2026-03-31 04:12:59,708  INFO      127.0.0.1 - - [31/Mar/2026 04:12:59] "GET / HTTP/1.1" 200 -
2026-03-31 04:12:59,813  INFO      127.0.0.1 - - [31/Mar/2026 04:12:59] "GET /model-info HTTP/1.1" 200 -
2026-03-31 04:13:02,515  INFO      Prediction → Legitimate | prob=0.0000 | Amount=149.62
2026-03-31 04:13:02,517  INFO      127.0.0.1 - - [31/Mar/2026 04:13:02] "POST /predict HTTP/1.1" 200 -
2026-03-31 04:13:12,590  INFO      Prediction → Legitimate | prob=0.0025 | Amount=149.62
2026-03-31 04:13:12,590  INFO      127.0.0.1 - - [31/Mar/2026 04:13:12] "POST /predict HTTP/1.1" 200 -
2026-03-31 04:13:20,334  INFO      Prediction → Legitimate | prob=0.0000 | Amount=149.62
2026-03-31 04:13:20,334  INFO      127.0.0.1 - - [31/Mar/2026 04:13:20] "POST /predict HTTP/1.1" 200 -
2026-03-31 04:14:18,871  INFO      Model loaded | Threshold: 0.7013
2026-03-31 04:14:18,871  INFO      FraudPredictor loaded successfully.
2026-03-31 04:14:18,873  INFO      Starting Flask on port 5000
2026-03-31 04:14:20,152  INFO      [31m[1mWARNING: This is a development server. Do not use it in a production deployment. Use a production WSGI server instead.[0m
 * Running on all addresses (0.0.0.0)
 * Running on http://127.0.0.1:5000
 * Running on http://10.217.57.238:5000
2026-03-31 04:14:20,153  INFO      [33mPress CTRL+C to quit[0m
2026-03-31 04:14:22,708  INFO      127.0.0.1 - - [31/Mar/2026 04:14:22] "GET / HTTP/1.1" 200 -
2026-03-31 04:14:22,754  INFO      127.0.0.1 - - [31/Mar/2026 04:14:22] "GET /model-info HTTP/1.1" 200 -
2026-03-31 04:14:27,437  INFO      Prediction → Legitimate | prob=0.0000 | Amount=149.62
2026-03-31 04:14:27,438  INFO      127.0.0.1 - - [31/Mar/2026 04:14:27] "POST /predict HTTP/1.1" 200 -
2026-03-31 04:14:33,306  INFO      Prediction → Legitimate | prob=0.0000 | Amount=149.62
2026-03-31 04:14:33,309  INFO      127.0.0.1 - - [31/Mar/2026 04:14:33] "POST /predict HTTP/1.1" 200 -
2026-03-31 04:14:43,420  INFO      Prediction → Legitimate | prob=0.0000 | Amount=32.00
2026-03-31 04:14:43,421  INFO      127.0.0.1 - - [31/Mar/2026 04:14:43] "POST /predict HTTP/1.1" 200 -
2026-03-31 04:14:51,982  INFO      Prediction → Legitimate | prob=0.0000 | Amount=32.00
2026-03-31 04:14:51,983  INFO      127.0.0.1 - - [31/Mar/2026 04:14:51] "POST /predict HTTP/1.1" 200 -
2026-03-31 04:14:55,040  INFO      Prediction → Legitimate | prob=0.0000 | Amount=3.00
2026-03-31 04:14:55,041  INFO      127.0.0.1 - - [31/Mar/2026 04:14:55] "POST /predict HTTP/1.1" 200 -
2026-03-31 04:14:58,663  INFO      Prediction → Legitimate | prob=0.0000 | Amount=2.00
2026-03-31 04:14:58,664  INFO      127.0.0.1 - - [31/Mar/2026 04:14:58] "POST /predict HTTP/1.1" 200 -
2026-03-31 04:15:03,877  INFO      Prediction → Legitimate | prob=0.6417 | Amount=2.69
2026-03-31 04:15:03,878  INFO      127.0.0.1 - - [31/Mar/2026 04:15:03] "POST /predict HTTP/1.1" 200 -
2026-03-31 04:15:07,111  INFO      Prediction → Legitimate | prob=0.0000 | Amount=24.95
2026-03-31 04:15:07,111  INFO      127.0.0.1 - - [31/Mar/2026 04:15:07] "POST /predict HTTP/1.1" 200 -
2026-03-31 04:15:11,410  INFO      Prediction → Legitimate | prob=0.6417 | Amount=2.69
2026-03-31 04:15:11,411  INFO      127.0.0.1 - - [31/Mar/2026 04:15:11] "POST /predict HTTP/1.1" 200 -
2026-03-31 04:15:39,234  INFO      Prediction → Legitimate | prob=0.0000 | Amount=149.62
2026-03-31 04:15:39,235  INFO      127.0.0.1 - - [31/Mar/2026 04:15:39] "POST /predict HTTP/1.1" 200 -
2026-03-31 04:15:53,582  INFO      Prediction → Fraud | prob=0.9375 | Amount=2.69
2026-03-31 04:15:53,583  INFO      127.0.0.1 - - [31/Mar/2026 04:15:53] "POST /predict HTTP/1.1" 200 -
2026-03-31 04:16:00,895  INFO      Prediction → Fraud | prob=0.9375 | Amount=2.69
2026-03-31 04:16:00,897  INFO      127.0.0.1 - - [31/Mar/2026 04:16:00] "POST /predict HTTP/1.1" 200 -
2026-03-31 04:16:03,899  INFO      Prediction → Fraud | prob=0.9375 | Amount=2.69
2026-03-31 04:16:03,900  INFO      127.0.0.1 - - [31/Mar/2026 04:16:03] "POST /predict HTTP/1.1" 200 -
2026-03-31 04:16:08,717  INFO      Prediction → Fraud | prob=0.9375 | Amount=2.69
2026-03-31 04:16:08,718  INFO      127.0.0.1 - - [31/Mar/2026 04:16:08] "POST /predict HTTP/1.1" 200 -
2026-03-31 04:16:12,787  INFO      Prediction → Legitimate | prob=0.0000 | Amount=24.95
2026-03-31 04:16:12,788  INFO      127.0.0.1 - - [31/Mar/2026 04:16:12] "POST /predict HTTP/1.1" 200 -
2026-03-31 04:16:14,175  INFO      Prediction → Legitimate | prob=0.0000 | Amount=24.95
2026-03-31 04:16:14,176  INFO      127.0.0.1 - - [31/Mar/2026 04:16:14] "POST /predict HTTP/1.1" 200 -
2026-03-31 04:16:20,951  INFO      Prediction → Legitimate | prob=0.0000 | Amount=2.95
2026-03-31 04:16:20,952  INFO      127.0.0.1 - - [31/Mar/2026 04:16:20] "POST /predict HTTP/1.1" 200 -
2026-03-31 04:16:23,408  INFO      Prediction → Legitimate | prob=0.6417 | Amount=2.69
2026-03-31 04:16:23,410  INFO      127.0.0.1 - - [31/Mar/2026 04:16:23] "POST /predict HTTP/1.1" 200 -
2026-03-31 04:16:29,062  INFO      127.0.0.1 - - [31/Mar/2026 04:16:29] "GET / HTTP/1.1" 200 -
2026-03-31 04:16:29,169  INFO      127.0.0.1 - - [31/Mar/2026 04:16:29] "[33mGET /.well-known/appspecific/com.chrome.devtools.json HTTP/1.1[0m" 404 -
2026-03-31 04:16:29,179  INFO      127.0.0.1 - - [31/Mar/2026 04:16:29] "GET /model-info HTTP/1.1" 200 -
2026-03-31 04:16:31,632  INFO      Prediction → Legitimate | prob=0.0000 | Amount=149.62
2026-03-31 04:16:31,633  INFO      127.0.0.1 - - [31/Mar/2026 04:16:31] "POST /predict HTTP/1.1" 200 -
2026-03-31 04:16:35,316  INFO      Prediction → Legitimate | prob=0.0000 | Amount=149.62
2026-03-31 04:16:35,317  INFO      127.0.0.1 - - [31/Mar/2026 04:16:35] "POST /predict HTTP/1.1" 200 -
2026-03-31 04:16:42,733  INFO      Prediction → Legitimate | prob=0.0000 | Amount=2.69
2026-03-31 04:16:42,733  INFO      127.0.0.1 - - [31/Mar/2026 04:16:42] "POST /predict HTTP/1.1" 200 -
2026-03-31 04:16:46,916  INFO      Prediction → Legitimate | prob=0.0000 | Amount=2.69
2026-03-31 04:16:46,916  INFO      127.0.0.1 - - [31/Mar/2026 04:16:46] "POST /predict HTTP/1.1" 200 -
2026-03-31 04:16:52,191  INFO      Prediction → Legitimate | prob=0.0000 | Amount=2.69
2026-03-31 04:16:52,193  INFO      127.0.0.1 - - [31/Mar/2026 04:16:52] "POST /predict HTTP/1.1" 200 -
2026-03-31 04:16:54,932  INFO      Prediction → Legitimate | prob=0.6417 | Amount=2.69
2026-03-31 04:16:54,933  INFO      127.0.0.1 - - [31/Mar/2026 04:16:54] "POST /predict HTTP/1.1" 200 -
2026-03-31 04:16:57,714  INFO      Prediction → Legitimate | prob=0.0000 | Amount=24.95
2026-03-31 04:16:57,715  INFO      127.0.0.1 - - [31/Mar/2026 04:16:57] "POST /predict HTTP/1.1" 200 -
2026-03-31 04:17:01,658  INFO      Prediction → Legitimate | prob=0.0000 | Amount=149.62
2026-03-31 04:17:01,658  INFO      127.0.0.1 - - [31/Mar/2026 04:17:01] "POST /predict HTTP/1.1" 200 -
2026-03-31 04:17:05,223  INFO      Prediction → Legitimate | prob=0.6417 | Amount=2.69
2026-03-31 04:17:05,223  INFO      127.0.0.1 - - [31/Mar/2026 04:17:05] "POST /predict HTTP/1.1" 200 -
2026-03-31 04:17:07,952  INFO      Prediction → Legitimate | prob=0.0000 | Amount=24.95
2026-03-31 04:17:07,953  INFO      127.0.0.1 - - [31/Mar/2026 04:17:07] "POST /predict HTTP/1.1" 200 -
2026-03-31 04:17:26,601  INFO      Prediction → Legitimate | prob=0.6417 | Amount=2.69
2026-03-31 04:17:26,602  INFO      127.0.0.1 - - [31/Mar/2026 04:17:26] "POST /predict HTTP/1.1" 200 -
2026-03-31 04:18:42,868  INFO      Model loaded | Threshold: 0.7013
2026-03-31 04:18:42,869  INFO      FraudPredictor loaded successfully.
2026-03-31 04:18:42,871  INFO      Starting Flask on port 5000
2026-03-31 04:18:44,165  INFO      [31m[1mWARNING: This is a development server. Do not use it in a production deployment. Use a production WSGI server instead.[0m
 * Running on all addresses (0.0.0.0)
 * Running on http://127.0.0.1:5000
 * Running on http://10.217.57.238:5000
2026-03-31 04:18:44,165  INFO      [33mPress CTRL+C to quit[0m
2026-03-31 04:18:48,540  INFO      127.0.0.1 - - [31/Mar/2026 04:18:48] "GET / HTTP/1.1" 200 -
2026-03-31 04:18:48,603  INFO      127.0.0.1 - - [31/Mar/2026 04:18:48] "GET /model-info HTTP/1.1" 200 -
2026-03-31 04:18:50,805  INFO      Prediction → Legitimate | prob=0.0000 | Amount=149.62
2026-03-31 04:18:50,806  INFO      127.0.0.1 - - [31/Mar/2026 04:18:50] "POST /predict HTTP/1.1" 200 -
2026-03-31 04:18:58,161  INFO      Prediction → Legitimate | prob=0.0000 | Amount=149.62
2026-03-31 04:18:58,162  INFO      127.0.0.1 - - [31/Mar/2026 04:18:58] "POST /predict HTTP/1.1" 200 -
2026-03-31 04:19:04,012  INFO      Prediction → Legitimate | prob=0.0000 | Amount=32.00
2026-03-31 04:19:04,013  INFO      127.0.0.1 - - [31/Mar/2026 04:19:04] "POST /predict HTTP/1.1" 200 -
2026-03-31 04:19:08,671  INFO      Prediction → Legitimate | prob=0.6417 | Amount=2.69
2026-03-31 04:19:08,672  INFO      127.0.0.1 - - [31/Mar/2026 04:19:08] "POST /predict HTTP/1.1" 200 -
2026-03-31 04:19:15,342  INFO      Prediction → Legitimate | prob=0.6413 | Amount=2.69
2026-03-31 04:19:15,342  INFO      127.0.0.1 - - [31/Mar/2026 04:19:15] "POST /predict HTTP/1.1" 200 -
2026-03-31 04:19:22,105  INFO      Prediction → Legitimate | prob=0.2736 | Amount=2.69
2026-03-31 04:19:22,106  INFO      127.0.0.1 - - [31/Mar/2026 04:19:22] "POST /predict HTTP/1.1" 200 -
2026-03-31 04:19:29,731  INFO      Prediction → Legitimate | prob=0.6388 | Amount=2.69
2026-03-31 04:19:29,731  INFO      127.0.0.1 - - [31/Mar/2026 04:19:29] "POST /predict HTTP/1.1" 200 -
2026-03-31 04:19:36,414  INFO      Prediction → Legitimate | prob=0.6437 | Amount=2.69
2026-03-31 04:19:36,414  INFO      127.0.0.1 - - [31/Mar/2026 04:19:36] "POST /predict HTTP/1.1" 200 -
2026-03-31 04:19:42,399  INFO      Prediction → Legitimate | prob=0.6508 | Amount=2.69
2026-03-31 04:19:42,399  INFO      127.0.0.1 - - [31/Mar/2026 04:19:42] "POST /predict HTTP/1.1" 200 -
2026-03-31 04:19:50,618  INFO      Prediction → Legitimate | prob=0.6508 | Amount=2.69
2026-03-31 04:19:50,619  INFO      127.0.0.1 - - [31/Mar/2026 04:19:50] "POST /predict HTTP/1.1" 200 -
2026-03-31 04:26:05,558  INFO      Model loaded | Threshold: 0.7013
2026-03-31 04:26:05,558  INFO      FraudPredictor loaded successfully.
2026-03-31 04:26:05,559  INFO      Starting Flask on port 5000
2026-03-31 04:26:06,870  INFO      [31m[1mWARNING: This is a development server. Do not use it in a production deployment. Use a production WSGI server instead.[0m
 * Running on all addresses (0.0.0.0)
 * Running on http://127.0.0.1:5000
 * Running on http://10.217.57.238:5000
2026-03-31 04:26:06,870  INFO      [33mPress CTRL+C to quit[0m
2026-03-31 04:26:10,806  INFO      127.0.0.1 - - [31/Mar/2026 04:26:10] "GET / HTTP/1.1" 200 -
2026-03-31 04:26:10,839  INFO      127.0.0.1 - - [31/Mar/2026 04:26:10] "GET /model-info HTTP/1.1" 200 -
2026-03-31 04:26:13,152  INFO      Prediction → Legitimate | prob=0.0000 | Amount=149.62
2026-03-31 04:26:13,153  INFO      127.0.0.1 - - [31/Mar/2026 04:26:13] "POST /predict HTTP/1.1" 200 -
2026-03-31 04:26:26,120  INFO      Prediction → Legitimate | prob=0.0000 | Amount=2.76
2026-03-31 04:26:26,121  INFO      127.0.0.1 - - [31/Mar/2026 04:26:26] "POST /predict HTTP/1.1" 200 -
2026-03-31 04:26:31,236  INFO      Prediction → Legitimate | prob=0.6417 | Amount=2.69
2026-03-31 04:26:31,237  INFO      127.0.0.1 - - [31/Mar/2026 04:26:31] "POST /predict HTTP/1.1" 200 -
2026-03-31 04:26:35,047  INFO      Prediction → Legitimate | prob=0.0000 | Amount=24.95
2026-03-31 04:26:35,049  INFO      127.0.0.1 - - [31/Mar/2026 04:26:35] "POST /predict HTTP/1.1" 200 -
2026-03-31 04:26:39,481  INFO      Prediction → Legitimate | prob=0.6417 | Amount=2.69
2026-03-31 04:26:39,482  INFO      127.0.0.1 - - [31/Mar/2026 04:26:39] "POST /predict HTTP/1.1" 200 -
2026-03-31 04:27:48,284  INFO      Model loaded | Threshold: 0.7013
2026-03-31 04:27:48,284  INFO      FraudPredictor loaded successfully.
2026-03-31 04:27:48,286  INFO      Starting Flask on port 5000
2026-03-31 04:27:49,579  INFO      [31m[1mWARNING: This is a development server. Do not use it in a production deployment. Use a production WSGI server instead.[0m
 * Running on all addresses (0.0.0.0)
 * Running on http://127.0.0.1:5000
 * Running on http://10.217.57.238:5000
2026-03-31 04:27:49,580  INFO      [33mPress CTRL+C to quit[0m
2026-03-31 04:27:52,231  INFO      127.0.0.1 - - [31/Mar/2026 04:27:52] "GET / HTTP/1.1" 200 -
2026-03-31 04:28:55,970  INFO      Model loaded | Threshold: 0.7013
2026-03-31 04:28:55,971  INFO      FraudPredictor loaded successfully.
2026-03-31 04:28:55,972  INFO      Starting Flask on port 5000
2026-03-31 04:28:57,268  INFO      [31m[1mWARNING: This is a development server. Do not use it in a production deployment. Use a production WSGI server instead.[0m
 * Running on all addresses (0.0.0.0)
 * Running on http://127.0.0.1:5000
 * Running on http://10.217.57.238:5000
2026-03-31 04:28:57,269  INFO      [33mPress CTRL+C to quit[0m
2026-03-31 04:28:59,638  INFO      127.0.0.1 - - [31/Mar/2026 04:28:59] "GET / HTTP/1.1" 200 -
2026-03-31 04:29:57,456  INFO      Model loaded | Threshold: 0.7013
2026-03-31 04:29:57,457  INFO      FraudPredictor loaded successfully.
2026-03-31 04:29:57,459  INFO      Starting Flask on port 5000
2026-03-31 04:29:58,750  INFO      [31m[1mWARNING: This is a development server. Do not use it in a production deployment. Use a production WSGI server instead.[0m
 * Running on all addresses (0.0.0.0)
 * Running on http://127.0.0.1:5000
 * Running on http://10.217.57.238:5000
2026-03-31 04:29:58,751  INFO      [33mPress CTRL+C to quit[0m
2026-03-31 04:30:01,358  INFO      127.0.0.1 - - [31/Mar/2026 04:30:01] "GET / HTTP/1.1" 200 -
2026-03-31 04:30:01,395  INFO      127.0.0.1 - - [31/Mar/2026 04:30:01] "GET /model-info HTTP/1.1" 200 -
2026-03-31 04:30:04,446  INFO      Prediction → Legitimate | prob=0.0000 | Amount=149.62
2026-03-31 04:30:04,447  INFO      127.0.0.1 - - [31/Mar/2026 04:30:04] "POST /predict HTTP/1.1" 200 -
2026-04-01 01:09:02,651  INFO      Model loaded | Threshold: 0.7013
2026-04-01 01:09:02,652  INFO      FraudPredictor loaded successfully.
2026-04-01 01:09:02,653  INFO      Starting Flask on port 5000
2026-04-01 01:09:03,999  INFO      [31m[1mWARNING: This is a development server. Do not use it in a production deployment. Use a production WSGI server instead.[0m
 * Running on all addresses (0.0.0.0)
 * Running on http://127.0.0.1:5000
 * Running on http://10.217.57.238:5000
2026-04-01 01:09:04,000  INFO      [33mPress CTRL+C to quit[0m
2026-04-01 01:09:07,367  INFO      127.0.0.1 - - [01/Apr/2026 01:09:07] "GET / HTTP/1.1" 200 -
2026-04-01 01:09:07,744  INFO      127.0.0.1 - - [01/Apr/2026 01:09:07] "GET /model-info HTTP/1.1" 200 -
2026-04-01 01:09:07,839  INFO      127.0.0.1 - - [01/Apr/2026 01:09:07] "[33mGET /favicon.ico HTTP/1.1[0m" 404 -
2026-04-01 01:09:20,785  INFO      Prediction → Legitimate | prob=0.6417 | Amount=2.69
2026-04-01 01:09:20,787  INFO      127.0.0.1 - - [01/Apr/2026 01:09:20] "POST /predict HTTP/1.1" 200 -
2026-04-01 01:09:25,796  INFO      Prediction → Legitimate | prob=0.0000 | Amount=24.95
2026-04-01 01:09:25,797  INFO      127.0.0.1 - - [01/Apr/2026 01:09:25] "POST /predict HTTP/1.1" 200 -
2026-04-01 01:09:31,380  INFO      Prediction → Legitimate | prob=0.0000 | Amount=24.95
2026-04-01 01:09:31,381  INFO      127.0.0.1 - - [01/Apr/2026 01:09:31] "POST /predict HTTP/1.1" 200 -
2026-04-01 01:19:38,996  INFO      127.0.0.1 - - [01/Apr/2026 01:19:38] "GET / HTTP/1.1" 200 -
2026-04-01 01:19:39,022  INFO      127.0.0.1 - - [01/Apr/2026 01:19:39] "GET /model-info HTTP/1.1" 200 -
2026-04-01 01:28:36,879  INFO      Model loaded | Threshold: 0.7013
2026-04-01 01:28:36,880  INFO      FraudPredictor loaded successfully.
2026-04-01 01:28:36,881  INFO      Starting Flask on port 5000
2026-04-01 01:28:38,193  INFO      [31m[1mWARNING: This is a development server. Do not use it in a production deployment. Use a production WSGI server instead.[0m
 * Running on all addresses (0.0.0.0)
 * Running on http://127.0.0.1:5000
 * Running on http://10.217.57.238:5000
2026-04-01 01:28:38,194  INFO      [33mPress CTRL+C to quit[0m
2026-04-01 01:28:41,299  INFO      127.0.0.1 - - [01/Apr/2026 01:28:41] "GET / HTTP/1.1" 200 -
2026-04-01 01:28:41,660  INFO      127.0.0.1 - - [01/Apr/2026 01:28:41] "GET /model-info HTTP/1.1" 200 -
2026-04-01 01:28:45,479  INFO      Prediction → Legitimate | prob=0.0000 | Amount=149.62
2026-04-01 01:28:45,480  INFO      127.0.0.1 - - [01/Apr/2026 01:28:45] "POST /predict HTTP/1.1" 200 -
2026-04-01 01:28:49,279  INFO      Prediction → Legitimate | prob=0.6417 | Amount=2.69
2026-04-01 01:28:49,280  INFO      127.0.0.1 - - [01/Apr/2026 01:28:49] "POST /predict HTTP/1.1" 200 -
2026-04-01 01:31:21,288  INFO      127.0.0.1 - - [01/Apr/2026 01:31:21] "GET / HTTP/1.1" 200 -
2026-04-01 01:31:21,488  INFO      127.0.0.1 - - [01/Apr/2026 01:31:21] "GET /model-info HTTP/1.1" 200 -
2026-04-01 01:34:42,414  INFO      127.0.0.1 - - [01/Apr/2026 01:34:42] "GET / HTTP/1.1" 200 -
2026-04-01 01:34:42,503  INFO      127.0.0.1 - - [01/Apr/2026 01:34:42] "GET /model-info HTTP/1.1" 200 -
2026-04-01 01:34:56,078  INFO      Prediction → Fraud | prob=1.0000 | Amount=1.00
2026-04-01 01:34:56,081  INFO      127.0.0.1 - - [01/Apr/2026 01:34:56] "POST /predict HTTP/1.1" 200 -
2026-04-01 01:35:53,247  INFO      Prediction → Fraud | prob=1.0000 | Amount=1.00
2026-04-01 01:35:53,247  INFO      127.0.0.1 - - [01/Apr/2026 01:35:53] "POST /predict HTTP/1.1" 200 -
2026-04-01 01:36:23,159  INFO      Prediction → Fraud | prob=1.0000 | Amount=1.00
2026-04-01 01:36:23,160  INFO      127.0.0.1 - - [01/Apr/2026 01:36:23] "POST /predict HTTP/1.1" 200 -
2026-04-01 01:38:19,922  INFO      Prediction → Legitimate | prob=0.0659 | Amount=58.80
2026-04-01 01:38:19,923  INFO      Prediction → Legitimate | prob=0.0000 | Amount=7.80
2026-04-01 01:38:19,925  INFO      127.0.0.1 - - [01/Apr/2026 01:38:19] "POST /predict HTTP/1.1" 200 -
2026-04-01 01:38:19,925  INFO      Prediction → Legitimate | prob=0.0000 | Amount=0.89
2026-04-01 01:38:19,933  INFO      127.0.0.1 - - [01/Apr/2026 01:38:19] "POST /predict HTTP/1.1" 200 -
2026-04-01 01:38:19,938  INFO      127.0.0.1 - - [01/Apr/2026 01:38:19] "POST /predict HTTP/1.1" 200 -
2026-04-01 01:38:19,952  INFO      Prediction → Fraud | prob=0.9940 | Amount=1.00
2026-04-01 01:38:19,965  INFO      127.0.0.1 - - [01/Apr/2026 01:38:19] "POST /predict HTTP/1.1" 200 -
2026-04-01 01:38:19,979  INFO      Prediction → Legitimate | prob=0.0000 | Amount=9.99
2026-04-01 01:38:19,995  INFO      127.0.0.1 - - [01/Apr/2026 01:38:19] "POST /predict HTTP/1.1" 200 -
2026-04-01 01:38:20,067  INFO      Prediction → Legitimate | prob=0.0000 | Amount=3.68
2026-04-01 01:38:20,070  INFO      127.0.0.1 - - [01/Apr/2026 01:38:20] "POST /predict HTTP/1.1" 200 -
2026-04-01 01:38:20,390  INFO      Prediction → Legitimate | prob=0.0000 | Amount=93.20
2026-04-01 01:38:20,409  INFO      127.0.0.1 - - [01/Apr/2026 01:38:20] "POST /predict HTTP/1.1" 200 -
2026-04-01 01:38:20,436  INFO      Prediction → Legitimate | prob=0.0000 | Amount=12.99
2026-04-01 01:38:20,439  INFO      127.0.0.1 - - [01/Apr/2026 01:38:20] "POST /predict HTTP/1.1" 200 -
2026-04-01 01:38:20,465  INFO      Prediction → Legitimate | prob=0.0000 | Amount=40.80
2026-04-01 01:38:20,474  INFO      127.0.0.1 - - [01/Apr/2026 01:38:20] "POST /predict HTTP/1.1" 200 -
2026-04-01 01:38:20,540  INFO      Prediction → Fraud | prob=0.9888 | Amount=1.00
2026-04-01 01:38:20,541  INFO      127.0.0.1 - - [01/Apr/2026 01:38:20] "POST /predict HTTP/1.1" 200 -
2026-04-01 01:38:20,603  INFO      Prediction → Legitimate | prob=0.0022 | Amount=15.99
2026-04-01 01:38:20,605  INFO      127.0.0.1 - - [01/Apr/2026 01:38:20] "POST /predict HTTP/1.1" 200 -
2026-04-01 01:38:20,607  INFO      Prediction → Legitimate | prob=0.0011 | Amount=121.50
2026-04-01 01:38:20,610  INFO      127.0.0.1 - - [01/Apr/2026 01:38:20] "POST /predict HTTP/1.1" 200 -
2026-04-01 01:38:20,762  INFO      Prediction → Fraud | prob=1.0000 | Amount=1.00
2026-04-01 01:38:20,764  INFO      127.0.0.1 - - [01/Apr/2026 01:38:20] "POST /predict HTTP/1.1" 200 -
2026-04-01 01:38:20,855  INFO      Prediction → Legitimate | prob=0.0000 | Amount=27.50
2026-04-01 01:38:20,861  INFO      127.0.0.1 - - [01/Apr/2026 01:38:20] "POST /predict HTTP/1.1" 200 -
2026-04-01 01:38:20,904  INFO      Prediction → Fraud | prob=1.0000 | Amount=1.00
2026-04-01 01:38:20,906  INFO      127.0.0.1 - - [01/Apr/2026 01:38:20] "POST /predict HTTP/1.1" 200 -
2026-04-01 01:38:21,049  INFO      Prediction → Fraud | prob=0.9973 | Amount=1.00
2026-04-01 01:38:21,051  INFO      127.0.0.1 - - [01/Apr/2026 01:38:21] "POST /predict HTTP/1.1" 200 -
2026-04-01 01:38:21,057  INFO      Prediction → Fraud | prob=0.9998 | Amount=1.00
2026-04-01 01:38:21,060  INFO      127.0.0.1 - - [01/Apr/2026 01:38:21] "POST /predict HTTP/1.1" 200 -
2026-04-01 01:38:21,100  INFO      Prediction → Fraud | prob=0.9999 | Amount=1.00
2026-04-01 01:38:21,101  INFO      127.0.0.1 - - [01/Apr/2026 01:38:21] "POST /predict HTTP/1.1" 200 -
2026-04-01 01:38:21,115  INFO      Prediction → Fraud | prob=0.8962 | Amount=1.10
2026-04-01 01:38:21,116  INFO      127.0.0.1 - - [01/Apr/2026 01:38:21] "POST /predict HTTP/1.1" 200 -
2026-04-01 01:41:08,693  INFO      Prediction → Fraud | prob=1.0000 | Amount=1.00
2026-04-01 01:41:08,698  INFO      127.0.0.1 - - [01/Apr/2026 01:41:08] "POST /predict HTTP/1.1" 200 -
2026-04-01 01:41:08,758  INFO      Prediction → Fraud | prob=0.9940 | Amount=1.00
2026-04-01 01:41:08,761  INFO      127.0.0.1 - - [01/Apr/2026 01:41:08] "POST /predict HTTP/1.1" 200 -
2026-04-01 01:41:08,825  INFO      Prediction → Fraud | prob=1.0000 | Amount=1.00
2026-04-01 01:41:08,828  INFO      127.0.0.1 - - [01/Apr/2026 01:41:08] "POST /predict HTTP/1.1" 200 -
2026-04-01 01:41:08,874  INFO      Prediction → Fraud | prob=0.9999 | Amount=1.00
2026-04-01 01:41:08,874  INFO      127.0.0.1 - - [01/Apr/2026 01:41:08] "POST /predict HTTP/1.1" 200 -
2026-04-01 01:41:08,932  INFO      Prediction → Fraud | prob=0.9888 | Amount=1.00
2026-04-01 01:41:08,935  INFO      127.0.0.1 - - [01/Apr/2026 01:41:08] "POST /predict HTTP/1.1" 200 -
2026-04-01 01:41:08,954  INFO      Prediction → Fraud | prob=0.9998 | Amount=1.00
2026-04-01 01:41:08,955  INFO      127.0.0.1 - - [01/Apr/2026 01:41:08] "POST /predict HTTP/1.1" 200 -
2026-04-01 01:41:09,058  INFO      Prediction → Fraud | prob=0.9973 | Amount=1.00
2026-04-01 01:41:09,060  INFO      127.0.0.1 - - [01/Apr/2026 01:41:09] "POST /predict HTTP/1.1" 200 -
2026-04-01 01:41:09,247  INFO      Prediction → Legitimate | prob=0.0000 | Amount=93.20
2026-04-01 01:41:09,256  INFO      127.0.0.1 - - [01/Apr/2026 01:41:09] "POST /predict HTTP/1.1" 200 -
2026-04-01 01:41:09,321  INFO      Prediction → Fraud | prob=0.8962 | Amount=1.10
2026-04-01 01:41:09,332  INFO      127.0.0.1 - - [01/Apr/2026 01:41:09] "POST /predict HTTP/1.1" 200 -
2026-04-01 01:41:09,339  INFO      Prediction → Legitimate | prob=0.0000 | Amount=40.80
2026-04-01 01:41:09,348  INFO      127.0.0.1 - - [01/Apr/2026 01:41:09] "POST /predict HTTP/1.1" 200 -
2026-04-01 01:41:09,388  INFO      Prediction → Legitimate | prob=0.0000 | Amount=3.68
2026-04-01 01:41:09,392  INFO      127.0.0.1 - - [01/Apr/2026 01:41:09] "POST /predict HTTP/1.1" 200 -
2026-04-01 01:41:09,468  INFO      Prediction → Legitimate | prob=0.0000 | Amount=7.80
2026-04-01 01:41:09,471  INFO      127.0.0.1 - - [01/Apr/2026 01:41:09] "POST /predict HTTP/1.1" 200 -
2026-04-01 01:41:09,487  INFO      Prediction → Legitimate | prob=0.0000 | Amount=9.99
2026-04-01 01:41:09,490  INFO      127.0.0.1 - - [01/Apr/2026 01:41:09] "POST /predict HTTP/1.1" 200 -
2026-04-01 01:41:09,595  INFO      Prediction → Legitimate | prob=0.0011 | Amount=121.50
2026-04-01 01:41:09,596  INFO      127.0.0.1 - - [01/Apr/2026 01:41:09] "POST /predict HTTP/1.1" 200 -
2026-04-01 01:41:09,701  INFO      Prediction → Legitimate | prob=0.0000 | Amount=27.50
2026-04-01 01:41:09,709  INFO      127.0.0.1 - - [01/Apr/2026 01:41:09] "POST /predict HTTP/1.1" 200 -
2026-04-01 01:41:09,775  INFO      Prediction → Legitimate | prob=0.0659 | Amount=58.80
2026-04-01 01:41:09,777  INFO      Prediction → Legitimate | prob=0.0022 | Amount=15.99
2026-04-01 01:41:09,778  INFO      127.0.0.1 - - [01/Apr/2026 01:41:09] "POST /predict HTTP/1.1" 200 -
2026-04-01 01:41:09,783  INFO      127.0.0.1 - - [01/Apr/2026 01:41:09] "POST /predict HTTP/1.1" 200 -
2026-04-01 01:41:09,808  INFO      Prediction → Legitimate | prob=0.0000 | Amount=12.99
2026-04-01 01:41:09,810  INFO      127.0.0.1 - - [01/Apr/2026 01:41:09] "POST /predict HTTP/1.1" 200 -
2026-04-01 01:41:09,829  INFO      Prediction → Legitimate | prob=0.0000 | Amount=0.89
2026-04-01 01:41:09,830  INFO      127.0.0.1 - - [01/Apr/2026 01:41:09] "POST /predict HTTP/1.1" 200 -
2026-04-01 01:41:47,288  INFO      Prediction → Fraud | prob=0.9888 | Amount=1.00
2026-04-01 01:41:47,290  INFO      127.0.0.1 - - [01/Apr/2026 01:41:47] "POST /predict HTTP/1.1" 200 -
2026-04-01 01:41:47,324  INFO      Prediction → Fraud | prob=0.9999 | Amount=1.00
2026-04-01 01:41:47,342  INFO      127.0.0.1 - - [01/Apr/2026 01:41:47] "POST /predict HTTP/1.1" 200 -
2026-04-01 01:41:47,386  INFO      Prediction → Fraud | prob=1.0000 | Amount=1.00
2026-04-01 01:41:47,397  INFO      127.0.0.1 - - [01/Apr/2026 01:41:47] "POST /predict HTTP/1.1" 200 -
2026-04-01 01:41:47,432  INFO      Prediction → Fraud | prob=1.0000 | Amount=1.00
2026-04-01 01:41:47,434  INFO      127.0.0.1 - - [01/Apr/2026 01:41:47] "POST /predict HTTP/1.1" 200 -
2026-04-01 01:41:47,474  INFO      Prediction → Fraud | prob=0.9998 | Amount=1.00
2026-04-01 01:41:47,475  INFO      127.0.0.1 - - [01/Apr/2026 01:41:47] "POST /predict HTTP/1.1" 200 -
2026-04-01 01:41:47,492  INFO      Prediction → Fraud | prob=0.9940 | Amount=1.00
2026-04-01 01:41:47,493  INFO      127.0.0.1 - - [01/Apr/2026 01:41:47] "POST /predict HTTP/1.1" 200 -
2026-04-01 01:41:47,738  INFO      Prediction → Fraud | prob=0.9973 | Amount=1.00
2026-04-01 01:41:47,740  INFO      127.0.0.1 - - [01/Apr/2026 01:41:47] "POST /predict HTTP/1.1" 200 -
2026-04-01 01:41:47,760  INFO      Prediction → Fraud | prob=0.8962 | Amount=1.10
2026-04-01 01:41:47,763  INFO      127.0.0.1 - - [01/Apr/2026 01:41:47] "POST /predict HTTP/1.1" 200 -
2026-04-01 01:41:47,822  INFO      Prediction → Legitimate | prob=0.0000 | Amount=40.80
2026-04-01 01:41:47,830  INFO      127.0.0.1 - - [01/Apr/2026 01:41:47] "POST /predict HTTP/1.1" 200 -
2026-04-01 01:41:47,920  INFO      Prediction → Legitimate | prob=0.0000 | Amount=93.20
2026-04-01 01:41:47,920  INFO      Prediction → Legitimate | prob=0.0000 | Amount=7.80
2026-04-01 01:41:47,923  INFO      127.0.0.1 - - [01/Apr/2026 01:41:47] "POST /predict HTTP/1.1" 200 -
2026-04-01 01:41:47,925  INFO      127.0.0.1 - - [01/Apr/2026 01:41:47] "POST /predict HTTP/1.1" 200 -
2026-04-01 01:41:47,936  INFO      Prediction → Legitimate | prob=0.0000 | Amount=3.68
2026-04-01 01:41:47,937  INFO      127.0.0.1 - - [01/Apr/2026 01:41:47] "POST /predict HTTP/1.1" 200 -
2026-04-01 01:41:48,153  INFO      Prediction → Legitimate | prob=0.0011 | Amount=121.50
2026-04-01 01:41:48,157  INFO      127.0.0.1 - - [01/Apr/2026 01:41:48] "POST /predict HTTP/1.1" 200 -
2026-04-01 01:41:48,176  INFO      Prediction → Legitimate | prob=0.0000 | Amount=9.99
2026-04-01 01:41:48,177  INFO      127.0.0.1 - - [01/Apr/2026 01:41:48] "POST /predict HTTP/1.1" 200 -
2026-04-01 01:41:48,198  INFO      Prediction → Legitimate | prob=0.0000 | Amount=27.50
2026-04-01 01:41:48,200  INFO      127.0.0.1 - - [01/Apr/2026 01:41:48] "POST /predict HTTP/1.1" 200 -
2026-04-01 01:41:48,280  INFO      Prediction → Legitimate | prob=0.0000 | Amount=12.99
2026-04-01 01:41:48,285  INFO      127.0.0.1 - - [01/Apr/2026 01:41:48] "POST /predict HTTP/1.1" 200 -
2026-04-01 01:41:48,342  INFO      Prediction → Legitimate | prob=0.0022 | Amount=15.99
2026-04-01 01:41:48,344  INFO      127.0.0.1 - - [01/Apr/2026 01:41:48] "POST /predict HTTP/1.1" 200 -
2026-04-01 01:41:48,368  INFO      Prediction → Legitimate | prob=0.0659 | Amount=58.80
2026-04-01 01:41:48,372  INFO      127.0.0.1 - - [01/Apr/2026 01:41:48] "POST /predict HTTP/1.1" 200 -
2026-04-01 01:41:48,392  INFO      Prediction → Legitimate | prob=0.0000 | Amount=0.89
2026-04-01 01:41:48,392  INFO      127.0.0.1 - - [01/Apr/2026 01:41:48] "POST /predict HTTP/1.1" 200 -
2026-04-01 01:42:15,324  INFO      Prediction → Legitimate | prob=0.0000 | Amount=149.62
2026-04-01 01:42:15,325  INFO      127.0.0.1 - - [01/Apr/2026 01:42:15] "POST /predict HTTP/1.1" 200 -
2026-04-01 01:43:32,868  INFO      Prediction → Fraud | prob=0.9940 | Amount=1.00
2026-04-01 01:43:32,877  INFO      127.0.0.1 - - [01/Apr/2026 01:43:32] "POST /predict HTTP/1.1" 200 -
2026-04-01 01:43:32,909  INFO      Prediction → Fraud | prob=1.0000 | Amount=1.00
2026-04-01 01:43:32,917  INFO      127.0.0.1 - - [01/Apr/2026 01:43:32] "POST /predict HTTP/1.1" 200 -
2026-04-01 01:43:32,926  INFO      Prediction → Fraud | prob=1.0000 | Amount=1.00
2026-04-01 01:43:32,934  INFO      127.0.0.1 - - [01/Apr/2026 01:43:32] "POST /predict HTTP/1.1" 200 -
2026-04-01 01:43:32,973  INFO      Prediction → Fraud | prob=0.9999 | Amount=1.00
2026-04-01 01:43:32,974  INFO      127.0.0.1 - - [01/Apr/2026 01:43:32] "POST /predict HTTP/1.1" 200 -
2026-04-01 01:43:32,987  INFO      Prediction → Fraud | prob=0.9998 | Amount=1.00
2026-04-01 01:43:32,991  INFO      127.0.0.1 - - [01/Apr/2026 01:43:32] "POST /predict HTTP/1.1" 200 -
2026-04-01 01:43:33,039  INFO      Prediction → Fraud | prob=0.9888 | Amount=1.00
2026-04-01 01:43:33,040  INFO      127.0.0.1 - - [01/Apr/2026 01:43:33] "POST /predict HTTP/1.1" 200 -
2026-04-01 01:43:33,175  INFO      Prediction → Fraud | prob=0.9973 | Amount=1.00
2026-04-01 01:43:33,179  INFO      127.0.0.1 - - [01/Apr/2026 01:43:33] "POST /predict HTTP/1.1" 200 -
2026-04-01 01:43:33,309  INFO      Prediction → Fraud | prob=0.8962 | Amount=1.10
2026-04-01 01:43:33,312  INFO      127.0.0.1 - - [01/Apr/2026 01:43:33] "POST /predict HTTP/1.1" 200 -
2026-04-01 01:43:33,354  INFO      Prediction → Legitimate | prob=0.0000 | Amount=40.80
2026-04-01 01:43:33,366  INFO      127.0.0.1 - - [01/Apr/2026 01:43:33] "POST /predict HTTP/1.1" 200 -
2026-04-01 01:43:33,489  INFO      Prediction → Legitimate | prob=0.0000 | Amount=3.68
2026-04-01 01:43:33,490  INFO      127.0.0.1 - - [01/Apr/2026 01:43:33] "POST /predict HTTP/1.1" 200 -
2026-04-01 01:43:33,495  INFO      Prediction → Legitimate | prob=0.0000 | Amount=93.20
2026-04-01 01:43:33,500  INFO      127.0.0.1 - - [01/Apr/2026 01:43:33] "POST /predict HTTP/1.1" 200 -
2026-04-01 01:43:33,536  INFO      Prediction → Legitimate | prob=0.0000 | Amount=7.80
2026-04-01 01:43:33,537  INFO      127.0.0.1 - - [01/Apr/2026 01:43:33] "POST /predict HTTP/1.1" 200 -
2026-04-01 01:43:33,611  INFO      Prediction → Legitimate | prob=0.0000 | Amount=9.99
2026-04-01 01:43:33,615  INFO      127.0.0.1 - - [01/Apr/2026 01:43:33] "POST /predict HTTP/1.1" 200 -
2026-04-01 01:43:33,751  INFO      Prediction → Legitimate | prob=0.0011 | Amount=121.50
2026-04-01 01:43:33,754  INFO      127.0.0.1 - - [01/Apr/2026 01:43:33] "POST /predict HTTP/1.1" 200 -
2026-04-01 01:43:33,766  INFO      Prediction → Legitimate | prob=0.0000 | Amount=27.50
2026-04-01 01:43:33,768  INFO      127.0.0.1 - - [01/Apr/2026 01:43:33] "POST /predict HTTP/1.1" 200 -
2026-04-01 01:43:33,841  INFO      Prediction → Legitimate | prob=0.0659 | Amount=58.80
2026-04-01 01:43:33,843  INFO      127.0.0.1 - - [01/Apr/2026 01:43:33] "POST /predict HTTP/1.1" 200 -
2026-04-01 01:43:33,877  INFO      Prediction → Legitimate | prob=0.0022 | Amount=15.99
2026-04-01 01:43:33,880  INFO      127.0.0.1 - - [01/Apr/2026 01:43:33] "POST /predict HTTP/1.1" 200 -
2026-04-01 01:43:33,921  INFO      Prediction → Legitimate | prob=0.0000 | Amount=12.99
2026-04-01 01:43:33,923  INFO      127.0.0.1 - - [01/Apr/2026 01:43:33] "POST /predict HTTP/1.1" 200 -
2026-04-01 01:43:33,925  INFO      Prediction → Legitimate | prob=0.0000 | Amount=0.89
2026-04-01 01:43:33,926  INFO      127.0.0.1 - - [01/Apr/2026 01:43:33] "POST /predict HTTP/1.1" 200 -
2026-04-01 01:44:27,853  INFO      Prediction → Fraud | prob=1.0000 | Amount=1.00
2026-04-01 01:44:27,856  INFO      127.0.0.1 - - [01/Apr/2026 01:44:27] "POST /predict HTTP/1.1" 200 -
2026-04-01 01:44:27,895  INFO      Prediction → Fraud | prob=0.9888 | Amount=1.00
2026-04-01 01:44:27,902  INFO      127.0.0.1 - - [01/Apr/2026 01:44:27] "POST /predict HTTP/1.1" 200 -
2026-04-01 01:44:27,932  INFO      Prediction → Fraud | prob=0.9940 | Amount=1.00
2026-04-01 01:44:27,939  INFO      127.0.0.1 - - [01/Apr/2026 01:44:27] "POST /predict HTTP/1.1" 200 -
2026-04-01 01:44:27,962  INFO      Prediction → Fraud | prob=0.9998 | Amount=1.00
2026-04-01 01:44:27,966  INFO      127.0.0.1 - - [01/Apr/2026 01:44:27] "POST /predict HTTP/1.1" 200 -
2026-04-01 01:44:27,999  INFO      Prediction → Fraud | prob=0.9999 | Amount=1.00
2026-04-01 01:44:28,001  INFO      127.0.0.1 - - [01/Apr/2026 01:44:28] "POST /predict HTTP/1.1" 200 -
2026-04-01 01:44:28,001  INFO      Prediction → Fraud | prob=1.0000 | Amount=1.00
2026-04-01 01:44:28,004  INFO      127.0.0.1 - - [01/Apr/2026 01:44:28] "POST /predict HTTP/1.1" 200 -
2026-04-01 01:44:28,276  INFO      Prediction → Fraud | prob=0.8962 | Amount=1.10
2026-04-01 01:44:28,280  INFO      127.0.0.1 - - [01/Apr/2026 01:44:28] "POST /predict HTTP/1.1" 200 -
2026-04-01 01:44:28,315  INFO      Prediction → Fraud | prob=0.9973 | Amount=1.00
2026-04-01 01:44:28,318  INFO      127.0.0.1 - - [01/Apr/2026 01:44:28] "POST /predict HTTP/1.1" 200 -
2026-04-01 01:44:28,355  INFO      Prediction → Legitimate | prob=0.0000 | Amount=40.80
2026-04-01 01:44:28,357  INFO      127.0.0.1 - - [01/Apr/2026 01:44:28] "POST /predict HTTP/1.1" 200 -
2026-04-01 01:44:28,455  INFO      Prediction → Legitimate | prob=0.0000 | Amount=93.20
2026-04-01 01:44:28,459  INFO      127.0.0.1 - - [01/Apr/2026 01:44:28] "POST /predict HTTP/1.1" 200 -
2026-04-01 01:44:28,505  INFO      Prediction → Legitimate | prob=0.0000 | Amount=7.80
2026-04-01 01:44:28,509  INFO      127.0.0.1 - - [01/Apr/2026 01:44:28] "POST /predict HTTP/1.1" 200 -
2026-04-01 01:44:28,591  INFO      Prediction → Legitimate | prob=0.0000 | Amount=3.68
2026-04-01 01:44:28,594  INFO      127.0.0.1 - - [01/Apr/2026 01:44:28] "POST /predict HTTP/1.1" 200 -
2026-04-01 01:44:28,693  INFO      Prediction → Legitimate | prob=0.0000 | Amount=9.99
2026-04-01 01:44:28,697  INFO      127.0.0.1 - - [01/Apr/2026 01:44:28] "POST /predict HTTP/1.1" 200 -
2026-04-01 01:44:28,766  INFO      Prediction → Legitimate | prob=0.0011 | Amount=121.50
2026-04-01 01:44:28,784  INFO      127.0.0.1 - - [01/Apr/2026 01:44:28] "POST /predict HTTP/1.1" 200 -
2026-04-01 01:44:28,822  INFO      Prediction → Legitimate | prob=0.0000 | Amount=27.50
2026-04-01 01:44:28,829  INFO      127.0.0.1 - - [01/Apr/2026 01:44:28] "POST /predict HTTP/1.1" 200 -
2026-04-01 01:44:28,886  INFO      Prediction → Legitimate | prob=0.0659 | Amount=58.80
2026-04-01 01:44:28,892  INFO      127.0.0.1 - - [01/Apr/2026 01:44:28] "POST /predict HTTP/1.1" 200 -
2026-04-01 01:44:28,902  INFO      Prediction → Legitimate | prob=0.0022 | Amount=15.99
2026-04-01 01:44:28,904  INFO      127.0.0.1 - - [01/Apr/2026 01:44:28] "POST /predict HTTP/1.1" 200 -
2026-04-01 01:44:28,945  INFO      Prediction → Legitimate | prob=0.0000 | Amount=12.99
2026-04-01 01:44:28,946  INFO      127.0.0.1 - - [01/Apr/2026 01:44:28] "POST /predict HTTP/1.1" 200 -
2026-04-01 01:44:28,967  INFO      Prediction → Legitimate | prob=0.0000 | Amount=0.89
2026-04-01 01:44:28,968  INFO      127.0.0.1 - - [01/Apr/2026 01:44:28] "POST /predict HTTP/1.1" 200 -
2026-04-01 01:48:57,743  INFO      Prediction → Legitimate | prob=0.2919 | Amount=12.99
2026-04-01 01:48:57,745  INFO      Prediction → Legitimate | prob=0.0082 | Amount=250.00
2026-04-01 01:48:57,751  INFO      Prediction → Legitimate | prob=0.0181 | Amount=75.50
2026-04-01 01:48:57,759  INFO      127.0.0.1 - - [01/Apr/2026 01:48:57] "POST /predict HTTP/1.1" 200 -
2026-04-01 01:48:57,768  INFO      127.0.0.1 - - [01/Apr/2026 01:48:57] "POST /predict HTTP/1.1" 200 -
2026-04-01 01:48:57,773  INFO      127.0.0.1 - - [01/Apr/2026 01:48:57] "POST /predict HTTP/1.1" 200 -
2026-04-01 01:48:57,774  INFO      Prediction → Legitimate | prob=0.0075 | Amount=5.75
2026-04-01 01:48:57,777  INFO      127.0.0.1 - - [01/Apr/2026 01:48:57] "POST /predict HTTP/1.1" 200 -
2026-04-01 01:48:57,785  INFO      Prediction → Legitimate | prob=0.0000 | Amount=123.45
2026-04-01 01:48:57,794  INFO      127.0.0.1 - - [01/Apr/2026 01:48:57] "POST /predict HTTP/1.1" 200 -
2026-04-01 01:50:59,358  INFO      Prediction → Legitimate | prob=0.0000 | Amount=123.45
2026-04-01 01:50:59,365  INFO      127.0.0.1 - - [01/Apr/2026 01:50:59] "POST /predict HTTP/1.1" 200 -
2026-04-01 01:50:59,417  INFO      Prediction → Legitimate | prob=0.2919 | Amount=12.99
2026-04-01 01:50:59,420  INFO      127.0.0.1 - - [01/Apr/2026 01:50:59] "POST /predict HTTP/1.1" 200 -
2026-04-01 01:50:59,438  INFO      Prediction → Legitimate | prob=0.0082 | Amount=250.00
2026-04-01 01:50:59,440  INFO      Prediction → Legitimate | prob=0.0075 | Amount=5.75
2026-04-01 01:50:59,444  INFO      127.0.0.1 - - [01/Apr/2026 01:50:59] "POST /predict HTTP/1.1" 200 -
2026-04-01 01:50:59,447  INFO      127.0.0.1 - - [01/Apr/2026 01:50:59] "POST /predict HTTP/1.1" 200 -
2026-04-01 01:50:59,475  INFO      Prediction → Legitimate | prob=0.0181 | Amount=75.50
2026-04-01 01:50:59,482  INFO      127.0.0.1 - - [01/Apr/2026 01:50:59] "POST /predict HTTP/1.1" 200 -
2026-04-01 01:50:59,523  INFO      Prediction → Fraud | prob=0.9927 | Amount=2.69
2026-04-01 01:50:59,525  INFO      127.0.0.1 - - [01/Apr/2026 01:50:59] "POST /predict HTTP/1.1" 200 -
2026-04-01 01:50:59,580  INFO      Prediction → Fraud | prob=0.9887 | Amount=150.00
2026-04-01 01:50:59,581  INFO      127.0.0.1 - - [01/Apr/2026 01:50:59] "POST /predict HTTP/1.1" 200 -
2026-04-01 01:54:39,163  INFO      Model loaded | Threshold: 0.7013
2026-04-01 01:54:39,164  INFO      FraudPredictor loaded successfully.
2026-04-01 01:54:39,166  INFO      Starting Flask on port 5000
2026-04-01 01:54:40,472  INFO      [31m[1mWARNING: This is a development server. Do not use it in a production deployment. Use a production WSGI server instead.[0m
 * Running on all addresses (0.0.0.0)
 * Running on http://127.0.0.1:5000
 * Running on http://10.217.57.238:5000
2026-04-01 01:54:40,472  INFO      [33mPress CTRL+C to quit[0m
2026-04-01 01:54:44,197  INFO      127.0.0.1 - - [01/Apr/2026 01:54:44] "GET / HTTP/1.1" 200 -
2026-04-01 01:54:44,758  INFO      127.0.0.1 - - [01/Apr/2026 01:54:44] "GET /model-info HTTP/1.1" 200 -
2026-04-01 01:54:50,190  INFO      127.0.0.1 - - [01/Apr/2026 01:54:50] "GET / HTTP/1.1" 200 -
2026-04-01 01:54:50,298  INFO      127.0.0.1 - - [01/Apr/2026 01:54:50] "GET /model-info HTTP/1.1" 200 -
2026-04-01 01:55:14,059  INFO      Model loaded | Threshold: 0.7013
2026-04-01 01:55:14,060  INFO      FraudPredictor loaded successfully.
2026-04-01 01:55:14,062  INFO      Starting Flask on port 5000
2026-04-01 01:55:15,354  INFO      [31m[1mWARNING: This is a development server. Do not use it in a production deployment. Use a production WSGI server instead.[0m
 * Running on all addresses (0.0.0.0)
 * Running on http://127.0.0.1:5000
 * Running on http://10.217.57.238:5000
2026-04-01 01:55:15,354  INFO      [33mPress CTRL+C to quit[0m
2026-04-01 01:55:18,818  INFO      127.0.0.1 - - [01/Apr/2026 01:55:18] "GET / HTTP/1.1" 200 -
2026-04-01 01:55:18,951  INFO      127.0.0.1 - - [01/Apr/2026 01:55:18] "GET /model-info HTTP/1.1" 200 -
2026-04-01 01:58:08,135  INFO      Model loaded | Threshold: 0.7013
2026-04-01 01:58:08,136  INFO      FraudPredictor loaded successfully.
2026-04-01 01:58:08,139  INFO      Starting Flask on port 5000
2026-04-01 01:58:09,453  INFO      [31m[1mWARNING: This is a development server. Do not use it in a production deployment. Use a production WSGI server instead.[0m
 * Running on all addresses (0.0.0.0)
 * Running on http://127.0.0.1:5000
 * Running on http://10.217.57.238:5000
2026-04-01 01:58:09,455  INFO      [33mPress CTRL+C to quit[0m
2026-04-01 01:58:13,359  INFO      127.0.0.1 - - [01/Apr/2026 01:58:13] "GET / HTTP/1.1" 200 -
2026-04-01 01:58:13,667  INFO      127.0.0.1 - - [01/Apr/2026 01:58:13] "GET /model-info HTTP/1.1" 200 -
2026-04-01 02:01:15,198  INFO      Model loaded | Threshold: 0.7013
2026-04-01 02:01:15,199  INFO      FraudPredictor loaded successfully.
2026-04-01 02:01:15,202  INFO      Starting Flask on port 5000
2026-04-01 02:01:16,505  INFO      [31m[1mWARNING: This is a development server. Do not use it in a production deployment. Use a production WSGI server instead.[0m
 * Running on all addresses (0.0.0.0)
 * Running on http://127.0.0.1:5000
 * Running on http://10.217.57.238:5000
2026-04-01 02:01:16,506  INFO      [33mPress CTRL+C to quit[0m
2026-04-01 02:01:19,377  INFO      127.0.0.1 - - [01/Apr/2026 02:01:19] "GET / HTTP/1.1" 200 -
2026-04-01 02:01:19,560  INFO      127.0.0.1 - - [01/Apr/2026 02:01:19] "GET /model-info HTTP/1.1" 200 -
2026-04-01 02:01:23,571  INFO      127.0.0.1 - - [01/Apr/2026 02:01:23] "GET / HTTP/1.1" 200 -
2026-04-01 02:01:23,647  INFO      127.0.0.1 - - [01/Apr/2026 02:01:23] "GET /model-info HTTP/1.1" 200 -
2026-04-01 02:01:34,729  INFO      10.217.57.238 - - [01/Apr/2026 02:01:34] "GET / HTTP/1.1" 200 -
2026-04-01 02:01:35,136  INFO      10.217.57.238 - - [01/Apr/2026 02:01:35] "GET /model-info HTTP/1.1" 200 -
2026-04-01 02:01:35,333  INFO      10.217.57.238 - - [01/Apr/2026 02:01:35] "[33mGET /favicon.ico HTTP/1.1[0m" 404 -
2026-04-01 02:03:48,167  INFO      Model loaded | Threshold: 0.7013
2026-04-01 02:03:48,167  INFO      FraudPredictor loaded successfully.
2026-04-01 02:03:48,169  INFO      Starting Flask on port 5000
2026-04-01 02:03:49,465  INFO      [31m[1mWARNING: This is a development server. Do not use it in a production deployment. Use a production WSGI server instead.[0m
 * Running on all addresses (0.0.0.0)
 * Running on http://127.0.0.1:5000
 * Running on http://10.217.57.238:5000
2026-04-01 02:03:49,466  INFO      [33mPress CTRL+C to quit[0m
2026-04-01 02:03:51,948  INFO      127.0.0.1 - - [01/Apr/2026 02:03:51] "GET / HTTP/1.1" 200 -
2026-04-01 02:03:52,069  INFO      127.0.0.1 - - [01/Apr/2026 02:03:52] "GET /model-info HTTP/1.1" 200 -
2026-04-01 02:04:26,898  INFO      Model loaded | Threshold: 0.7013
2026-04-01 02:04:26,899  INFO      FraudPredictor loaded successfully.
2026-04-01 02:04:26,901  INFO      Starting Flask on port 5000
2026-04-01 02:04:28,191  INFO      [31m[1mWARNING: This is a development server. Do not use it in a production deployment. Use a production WSGI server instead.[0m
 * Running on all addresses (0.0.0.0)
 * Running on http://127.0.0.1:5000
 * Running on http://10.217.57.238:5000
2026-04-01 02:04:28,191  INFO      [33mPress CTRL+C to quit[0m
2026-04-01 02:04:30,807  INFO      127.0.0.1 - - [01/Apr/2026 02:04:30] "GET / HTTP/1.1" 200 -
2026-04-01 02:04:30,966  INFO      127.0.0.1 - - [01/Apr/2026 02:04:30] "GET /model-info HTTP/1.1" 200 -
2026-04-01 02:06:43,381  INFO      Model loaded | Threshold: 0.7013
2026-04-01 02:06:43,382  INFO      FraudPredictor loaded successfully.
2026-04-01 02:06:43,384  INFO      Starting Flask on port 5000
2026-04-01 02:06:44,673  INFO      [31m[1mWARNING: This is a development server. Do not use it in a production deployment. Use a production WSGI server instead.[0m
 * Running on all addresses (0.0.0.0)
 * Running on http://127.0.0.1:5000
 * Running on http://10.217.57.238:5000
2026-04-01 02:06:44,674  INFO      [33mPress CTRL+C to quit[0m
2026-04-01 02:06:47,301  INFO      127.0.0.1 - - [01/Apr/2026 02:06:47] "GET / HTTP/1.1" 200 -
2026-04-01 02:06:47,427  INFO      127.0.0.1 - - [01/Apr/2026 02:06:47] "GET /model-info HTTP/1.1" 200 -
2026-04-01 02:07:17,073  INFO      127.0.0.1 - - [01/Apr/2026 02:07:17] "GET / HTTP/1.1" 200 -
2026-04-01 02:07:17,252  INFO      127.0.0.1 - - [01/Apr/2026 02:07:17] "GET /model-info HTTP/1.1" 200 -
2026-04-01 02:07:35,126  INFO      Model loaded | Threshold: 0.7013
2026-04-01 02:07:35,126  INFO      FraudPredictor loaded successfully.
2026-04-01 02:07:35,128  INFO      Starting Flask on port 5000
2026-04-01 02:07:36,473  INFO      [31m[1mWARNING: This is a development server. Do not use it in a production deployment. Use a production WSGI server instead.[0m
 * Running on all addresses (0.0.0.0)
 * Running on http://127.0.0.1:5000
 * Running on http://10.217.57.238:5000
2026-04-01 02:07:36,475  INFO      [33mPress CTRL+C to quit[0m
2026-04-01 02:07:39,101  INFO      127.0.0.1 - - [01/Apr/2026 02:07:39] "GET / HTTP/1.1" 200 -
2026-04-01 02:07:39,256  INFO      127.0.0.1 - - [01/Apr/2026 02:07:39] "GET /model-info HTTP/1.1" 200 -
2026-04-01 02:08:07,994  INFO      Model loaded | Threshold: 0.7013
2026-04-01 02:08:07,995  INFO      FraudPredictor loaded successfully.
2026-04-01 02:08:07,997  INFO      Starting Flask on port 5000
2026-04-01 02:08:09,275  INFO      [31m[1mWARNING: This is a development server. Do not use it in a production deployment. Use a production WSGI server instead.[0m
 * Running on all addresses (0.0.0.0)
 * Running on http://127.0.0.1:5000
 * Running on http://10.217.57.238:5000
2026-04-01 02:08:09,276  INFO      [33mPress CTRL+C to quit[0m
2026-04-01 02:08:11,523  INFO      127.0.0.1 - - [01/Apr/2026 02:08:11] "GET / HTTP/1.1" 200 -
2026-04-01 02:08:11,639  INFO      127.0.0.1 - - [01/Apr/2026 02:08:11] "GET /model-info HTTP/1.1" 200 -
